# JRE version: OpenJDK Runtime Environment (8.0_162-b12) (build 1.8.0_162-8u162-b12-0ubuntu0.16.04.2-b12)
# Java VM: OpenJDK 64-Bit Server VM (25.162-b12 mixed mode linux-amd64 compressed oops)
Heap:
 PSYoungGen      total 209920K, used 50483K [0x00000000f0000000, 0x0000000100000000, 0x0000000100000000)
  eden space 169984K, 6% used [0x00000000f0000000,0x00000000f0a4fcc8,0x00000000fa600000)
  from space 39936K, 99% used [0x00000000fd900000,0x00000000ffffd010,0x0000000100000000)
  to   space 46080K, 0% used [0x00000000fa600000,0x00000000fa600000,0x00000000fd300000)
 ParOldGen       total 524288K, used 98283K [0x00000000d0000000, 0x00000000f0000000, 0x00000000f0000000)
  object space 524288K, 18% used [0x00000000d0000000,0x00000000d5ffaec0,0x00000000f0000000)
 Metaspace       used 71332K, capacity 74322K, committed 74496K, reserved 1114112K
  class space    used 8745K, capacity 9716K, committed 9728K, reserved 1048576K
GC Heap History (10 events):
Event: 17.791 GC heap before
{Heap before GC invocations=31 (full 3):
 PSYoungGen      total 212992K, used 178971K [0x00000000f0000000, 0x0000000100000000, 0x0000000100000000)
  eden space 165888K, 100% used [0x00000000f0000000,0x00000000fa200000,0x00000000fa200000)
  from space 47104K, 27% used [0x00000000fa200000,0x00000000faec6d08,0x00000000fd000000)
  to   space 45056K, 0% used [0x00000000fd400000,0x00000000fd400000,0x0000000100000000)
 ParOldGen       total 524288K, used 97221K [0x00000000d0000000, 0x00000000f0000000, 0x00000000f0000000)
  object space 524288K, 18% used [0x00000000d0000000,0x00000000d5ef1518,0x00000000f0000000)
 Metaspace       used 66897K, capacity 68308K, committed 68352K, reserved 1110016K
  class space    used 7990K, capacity 8432K, committed 8448K, reserved 1048576K
Event: 17.804 GC heap after
Heap after GC invocations=31 (full 3):
 PSYoungGen      total 219136K, used 16216K [0x00000000f0000000, 0x0000000100000000, 0x0000000100000000)
  eden space 174080K, 0% used [0x00000000f0000000,0x00000000f0000000,0x00000000faa00000)
  from space 45056K, 35% used [0x00000000fd400000,0x00000000fe3d63f0,0x0000000100000000)
  to   space 43008K, 0% used [0x00000000faa00000,0x00000000faa00000,0x00000000fd400000)
 ParOldGen       total 524288K, used 97229K [0x00000000d0000000, 0x00000000f0000000, 0x00000000f0000000)
  object space 524288K, 18% used [0x00000000d0000000,0x00000000d5ef3518,0x00000000f0000000)
 Metaspace       used 66897K, capacity 68308K, committed 68352K, reserved 1110016K
  class space    used 7990K, capacity 8432K, committed 8448K, reserved 1048576K
}
Event: 18.333 GC heap before
{Heap before GC invocations=32 (full 3):
 PSYoungGen      total 219136K, used 190296K [0x00000000f0000000, 0x0000000100000000, 0x0000000100000000)
  eden space 174080K, 100% used [0x00000000f0000000,0x00000000faa00000,0x00000000faa00000)
  from space 45056K, 35% used [0x00000000fd400000,0x00000000fe3d63f0,0x0000000100000000)
  to   space 43008K, 0% used [0x00000000faa00000,0x00000000faa00000,0x00000000fd400000)
 ParOldGen       total 524288K, used 97229K [0x00000000d0000000, 0x00000000f0000000, 0x00000000f0000000)
  object space 524288K, 18% used [0x00000000d0000000,0x00000000d5ef3518,0x00000000f0000000)
 Metaspace       used 67698K, capacity 69532K, committed 69760K, reserved 1110016K
  class space    used 8146K, capacity 8774K, committed 8832K, reserved 1048576K
Event: 18.352 GC heap after
Heap after GC invocations=32 (full 3):
 PSYoungGen      total 217088K, used 18023K [0x00000000f0000000, 0x0000000100000000, 0x0000000100000000)
  eden space 174080K, 0% used [0x00000000f0000000,0x00000000f0000000,0x00000000faa00000)
  from space 43008K, 41% used [0x00000000faa00000,0x00000000fbb99fb8,0x00000000fd400000)
  to   space 40448K, 0% used [0x00000000fd880000,0x00000000fd880000,0x0000000100000000)
 ParOldGen       total 524288K, used 97237K [0x00000000d0000000, 0x00000000f0000000, 0x00000000f0000000)
  object space 524288K, 18% used [0x00000000d0000000,0x00000000d5ef5518,0x00000000f0000000)
 Metaspace       used 67698K, capacity 69532K, committed 69760K, reserved 1110016K
  class space    used 8146K, capacity 8774K, committed 8832K, reserved 1048576K
}
Event: 18.756 GC heap before
{Heap before GC invocations=33 (full 3):
 PSYoungGen      total 217088K, used 192103K [0x00000000f0000000, 0x0000000100000000, 0x0000000100000000)
  eden space 174080K, 100% used [0x00000000f0000000,0x00000000faa00000,0x00000000faa00000)
  from space 43008K, 41% used [0x00000000faa00000,0x00000000fbb99fb8,0x00000000fd400000)
  to   space 40448K, 0% used [0x00000000fd880000,0x00000000fd880000,0x0000000100000000)
 ParOldGen       total 524288K, used 97237K [0x00000000d0000000, 0x00000000f0000000, 0x00000000f0000000)
  object space 524288K, 18% used [0x00000000d0000000,0x00000000d5ef5518,0x00000000f0000000)
 Metaspace       used 68254K, capacity 70342K, committed 70400K, reserved 1110016K
  class space    used 8242K, capacity 8925K, committed 8960K, reserved 1048576K
Event: 18.774 GC heap after
Heap after GC invocations=33 (full 3):
 PSYoungGen      total 222720K, used 21275K [0x00000000f0000000, 0x0000000100000000, 0x0000000100000000)
  eden space 182272K, 0% used [0x00000000f0000000,0x00000000f0000000,0x00000000fb200000)
  from space 40448K, 52% used [0x00000000fd880000,0x00000000fed46cf8,0x0000000100000000)
  to   space 39424K, 0% used [0x00000000fb200000,0x00000000fb200000,0x00000000fd880000)
 ParOldGen       total 524288K, used 97245K [0x00000000d0000000, 0x00000000f0000000, 0x00000000f0000000)
  object space 524288K, 18% used [0x00000000d0000000,0x00000000d5ef7518,0x00000000f0000000)
 Metaspace       used 68254K, capacity 70342K, committed 70400K, reserved 1110016K
  class space    used 8242K, capacity 8925K, committed 8960K, reserved 1048576K
}
Event: 25.207 GC heap before
{Heap before GC invocations=34 (full 3):
 PSYoungGen      total 222720K, used 203547K [0x00000000f0000000, 0x0000000100000000, 0x0000000100000000)
  eden space 182272K, 100% used [0x00000000f0000000,0x00000000fb200000,0x00000000fb200000)
  from space 40448K, 52% used [0x00000000fd880000,0x00000000fed46cf8,0x0000000100000000)
  to   space 39424K, 0% used [0x00000000fb200000,0x00000000fb200000,0x00000000fd880000)
 ParOldGen       total 524288K, used 97245K [0x00000000d0000000, 0x00000000f0000000, 0x00000000f0000000)
  object space 524288K, 18% used [0x00000000d0000000,0x00000000d5ef7518,0x00000000f0000000)
 Metaspace       used 69736K, capacity 72608K, committed 72832K, reserved 1112064K
  class space    used 8564K, capacity 9496K, committed 9600K, reserved 1048576K
Event: 25.244 GC heap after
Heap after GC invocations=34 (full 3):
 PSYoungGen      total 221696K, used 26047K [0x00000000f0000000, 0x0000000100000000, 0x0000000100000000)
  eden space 182272K, 0% used [0x00000000f0000000,0x00000000f0000000,0x00000000fb200000)
  from space 39424K, 66% used [0x00000000fb200000,0x00000000fcb6fc90,0x00000000fd880000)
  to   space 39936K, 0% used [0x00000000fd900000,0x00000000fd900000,0x0000000100000000)
 ParOldGen       total 524288K, used 97253K [0x00000000d0000000, 0x00000000f0000000, 0x00000000f0000000)
  object space 524288K, 18% used [0x00000000d0000000,0x00000000d5ef9518,0x00000000f0000000)
 Metaspace       used 69736K, capacity 72608K, committed 72832K, reserved 1112064K
  class space    used 8564K, capacity 9496K, committed 9600K, reserved 1048576K
}
Event: 179.875 GC heap before
{Heap before GC invocations=35 (full 3):
 PSYoungGen      total 221696K, used 208319K [0x00000000f0000000, 0x0000000100000000, 0x0000000100000000)
  eden space 182272K, 100% used [0x00000000f0000000,0x00000000fb200000,0x00000000fb200000)
  from space 39424K, 66% used [0x00000000fb200000,0x00000000fcb6fc90,0x00000000fd880000)
  to   space 39936K, 0% used [0x00000000fd900000,0x00000000fd900000,0x0000000100000000)
 ParOldGen       total 524288K, used 97253K [0x00000000d0000000, 0x00000000f0000000, 0x00000000f0000000)
  object space 524288K, 18% used [0x00000000d0000000,0x00000000d5ef9518,0x00000000f0000000)
 Metaspace       used 71130K, capacity 74150K, committed 74240K, reserved 1114112K
  class space    used 8734K, capacity 9682K, committed 9728K, reserved 1048576K
Event: 179.906 GC heap after
Heap after GC invocations=35 (full 3):
 PSYoungGen      total 209920K, used 39924K [0x00000000f0000000, 0x0000000100000000, 0x0000000100000000)
  eden space 169984K, 0% used [0x00000000f0000000,0x00000000f0000000,0x00000000fa600000)
  from space 39936K, 99% used [0x00000000fd900000,0x00000000ffffd010,0x0000000100000000)
  to   space 46080K, 0% used [0x00000000fa600000,0x00000000fa600000,0x00000000fd300000)
 ParOldGen       total 524288K, used 98283K [0x00000000d0000000, 0x00000000f0000000, 0x00000000f0000000)
  object space 524288K, 18% used [0x00000000d0000000,0x00000000d5ffaec0,0x00000000f0000000)
 Metaspace       used 71130K, capacity 74150K, committed 74240K, reserved 1114112K
  class space    used 8734K, capacity 9682K, committed 9728K, reserved 1048576K
}

