# JRE version: OpenJDK Runtime Environment (8.0_162-b12) (build 1.8.0_162-8u162-b12-0ubuntu0.16.04.2-b12)
# Java VM: OpenJDK 64-Bit Server VM (25.162-b12 mixed mode linux-amd64 compressed oops)
Heap:
 PSYoungGen      total 212992K, used 96859K [0x00000000f0000000, 0x0000000100000000, 0x0000000100000000)
  eden space 166400K, 44% used [0x00000000f0000000,0x00000000f478af88,0x00000000fa280000)
  from space 46592K, 50% used [0x00000000fa280000,0x00000000fb98c028,0x00000000fd000000)
  to   space 45568K, 0% used [0x00000000fd380000,0x00000000fd380000,0x0000000100000000)
 ParOldGen       total 524288K, used 111071K [0x00000000d0000000, 0x00000000f0000000, 0x00000000f0000000)
  object space 524288K, 21% used [0x00000000d0000000,0x00000000d6c77c10,0x00000000f0000000)
 Metaspace       used 86312K, capacity 89236K, committed 93224K, reserved 1130496K
  class space    used 9458K, capacity 10254K, committed 11952K, reserved 1048576K
GC Heap History (10 events):
Event: 2367.097 GC heap before
{Heap before GC invocations=51 (full 3):
 PSYoungGen      total 212480K, used 143321K [0x00000000f0000000, 0x0000000100000000, 0x0000000100000000)
  eden space 165376K, 69% used [0x00000000f0000000,0x00000000f6f93b40,0x00000000fa180000)
  from space 47104K, 61% used [0x00000000fa180000,0x00000000fbde2b78,0x00000000fcf80000)
  to   space 48128K, 0% used [0x00000000fd100000,0x00000000fd100000,0x0000000100000000)
 ParOldGen       total 524288K, used 134249K [0x00000000d0000000, 0x00000000f0000000, 0x00000000f0000000)
  object space 524288K, 25% used [0x00000000d0000000,0x00000000d831a450,0x00000000f0000000)
 Metaspace       used 93187K, capacity 98526K, committed 98600K, reserved 1136640K
  class space    used 10298K, capacity 11926K, committed 11952K, reserved 1048576K
Event: 2367.115 GC heap after
Heap after GC invocations=51 (full 3):
 PSYoungGen      total 210944K, used 31609K [0x00000000f0000000, 0x0000000100000000, 0x0000000100000000)
  eden space 162816K, 0% used [0x00000000f0000000,0x00000000f0000000,0x00000000f9f00000)
  from space 48128K, 65% used [0x00000000fd100000,0x00000000fefde408,0x0000000100000000)
  to   space 49664K, 0% used [0x00000000f9f00000,0x00000000f9f00000,0x00000000fcf80000)
 ParOldGen       total 524288K, used 134257K [0x00000000d0000000, 0x00000000f0000000, 0x00000000f0000000)
  object space 524288K, 25% used [0x00000000d0000000,0x00000000d831c450,0x00000000f0000000)
 Metaspace       used 93187K, capacity 98526K, committed 98600K, reserved 1136640K
  class space    used 10298K, capacity 11926K, committed 11952K, reserved 1048576K
}
Event: 2367.115 GC heap before
{Heap before GC invocations=52 (full 4):
 PSYoungGen      total 210944K, used 31609K [0x00000000f0000000, 0x0000000100000000, 0x0000000100000000)
  eden space 162816K, 0% used [0x00000000f0000000,0x00000000f0000000,0x00000000f9f00000)
  from space 48128K, 65% used [0x00000000fd100000,0x00000000fefde408,0x0000000100000000)
  to   space 49664K, 0% used [0x00000000f9f00000,0x00000000f9f00000,0x00000000fcf80000)
 ParOldGen       total 524288K, used 134257K [0x00000000d0000000, 0x00000000f0000000, 0x00000000f0000000)
  object space 524288K, 25% used [0x00000000d0000000,0x00000000d831c450,0x00000000f0000000)
 Metaspace       used 93187K, capacity 98526K, committed 98600K, reserved 1136640K
  class space    used 10298K, capacity 11926K, committed 11952K, reserved 1048576K
Event: 2367.546 GC heap after
Heap after GC invocations=52 (full 4):
 PSYoungGen      total 210944K, used 0K [0x00000000f0000000, 0x0000000100000000, 0x0000000100000000)
  eden space 162816K, 0% used [0x00000000f0000000,0x00000000f0000000,0x00000000f9f00000)
  from space 48128K, 0% used [0x00000000fd100000,0x00000000fd100000,0x0000000100000000)
  to   space 49664K, 0% used [0x00000000f9f00000,0x00000000f9f00000,0x00000000fcf80000)
 ParOldGen       total 524288K, used 111047K [0x00000000d0000000, 0x00000000f0000000, 0x00000000f0000000)
  object space 524288K, 21% used [0x00000000d0000000,0x00000000d6c71c10,0x00000000f0000000)
 Metaspace       used 78933K, capacity 81438K, committed 92456K, reserved 1130496K
  class space    used 8879K, capacity 9481K, committed 11952K, reserved 1048576K
}
Event: 2367.901 GC heap before
{Heap before GC invocations=53 (full 4):
 PSYoungGen      total 210944K, used 162816K [0x00000000f0000000, 0x0000000100000000, 0x0000000100000000)
  eden space 162816K, 100% used [0x00000000f0000000,0x00000000f9f00000,0x00000000f9f00000)
  from space 48128K, 0% used [0x00000000fd100000,0x00000000fd100000,0x0000000100000000)
  to   space 49664K, 0% used [0x00000000f9f00000,0x00000000f9f00000,0x00000000fcf80000)
 ParOldGen       total 524288K, used 111047K [0x00000000d0000000, 0x00000000f0000000, 0x00000000f0000000)
  object space 524288K, 21% used [0x00000000d0000000,0x00000000d6c71c10,0x00000000f0000000)
 Metaspace       used 82516K, capacity 85086K, committed 92456K, reserved 1130496K
  class space    used 9098K, capacity 9710K, committed 11952K, reserved 1048576K
Event: 2367.917 GC heap after
Heap after GC invocations=53 (full 4):
 PSYoungGen      total 212480K, used 7691K [0x00000000f0000000, 0x0000000100000000, 0x0000000100000000)
  eden space 162816K, 0% used [0x00000000f0000000,0x00000000f0000000,0x00000000f9f00000)
  from space 49664K, 15% used [0x00000000f9f00000,0x00000000fa682d78,0x00000000fcf80000)
  to   space 49152K, 0% used [0x00000000fd000000,0x00000000fd000000,0x0000000100000000)
 ParOldGen       total 524288K, used 111055K [0x00000000d0000000, 0x00000000f0000000, 0x00000000f0000000)
  object space 524288K, 21% used [0x00000000d0000000,0x00000000d6c73c10,0x00000000f0000000)
 Metaspace       used 82516K, capacity 85086K, committed 92456K, reserved 1130496K
  class space    used 9098K, capacity 9710K, committed 11952K, reserved 1048576K
}
Event: 2368.291 GC heap before
{Heap before GC invocations=54 (full 4):
 PSYoungGen      total 212480K, used 170507K [0x00000000f0000000, 0x0000000100000000, 0x0000000100000000)
  eden space 162816K, 100% used [0x00000000f0000000,0x00000000f9f00000,0x00000000f9f00000)
  from space 49664K, 15% used [0x00000000f9f00000,0x00000000fa682d78,0x00000000fcf80000)
  to   space 49152K, 0% used [0x00000000fd000000,0x00000000fd000000,0x0000000100000000)
 ParOldGen       total 524288K, used 111055K [0x00000000d0000000, 0x00000000f0000000, 0x00000000f0000000)
  object space 524288K, 21% used [0x00000000d0000000,0x00000000d6c73c10,0x00000000f0000000)
 Metaspace       used 84592K, capacity 87206K, committed 92456K, reserved 1130496K
  class space    used 9227K, capacity 9840K, committed 11952K, reserved 1048576K
Event: 2368.307 GC heap after
Heap after GC invocations=54 (full 4):
 PSYoungGen      total 215552K, used 17244K [0x00000000f0000000, 0x0000000100000000, 0x0000000100000000)
  eden space 166400K, 0% used [0x00000000f0000000,0x00000000f0000000,0x00000000fa280000)
  from space 49152K, 35% used [0x00000000fd000000,0x00000000fe0d73a8,0x0000000100000000)
  to   space 46592K, 0% used [0x00000000fa280000,0x00000000fa280000,0x00000000fd000000)
 ParOldGen       total 524288K, used 111063K [0x00000000d0000000, 0x00000000f0000000, 0x00000000f0000000)
  object space 524288K, 21% used [0x00000000d0000000,0x00000000d6c75c10,0x00000000f0000000)
 Metaspace       used 84592K, capacity 87206K, committed 92456K, reserved 1130496K
  class space    used 9227K, capacity 9840K, committed 11952K, reserved 1048576K
}
Event: 3515.280 GC heap before
{Heap before GC invocations=55 (full 4):
 PSYoungGen      total 215552K, used 183644K [0x00000000f0000000, 0x0000000100000000, 0x0000000100000000)
  eden space 166400K, 100% used [0x00000000f0000000,0x00000000fa280000,0x00000000fa280000)
  from space 49152K, 35% used [0x00000000fd000000,0x00000000fe0d73a8,0x0000000100000000)
  to   space 46592K, 0% used [0x00000000fa280000,0x00000000fa280000,0x00000000fd000000)
 ParOldGen       total 524288K, used 111063K [0x00000000d0000000, 0x00000000f0000000, 0x00000000f0000000)
  object space 524288K, 21% used [0x00000000d0000000,0x00000000d6c75c10,0x00000000f0000000)
 Metaspace       used 86030K, capacity 88728K, committed 93224K, reserved 1130496K
  class space    used 9335K, capacity 9986K, committed 11952K, reserved 1048576K
Event: 3515.317 GC heap after
Heap after GC invocations=55 (full 4):
 PSYoungGen      total 212992K, used 23600K [0x00000000f0000000, 0x0000000100000000, 0x0000000100000000)
  eden space 166400K, 0% used [0x00000000f0000000,0x00000000f0000000,0x00000000fa280000)
  from space 46592K, 50% used [0x00000000fa280000,0x00000000fb98c028,0x00000000fd000000)
  to   space 45568K, 0% used [0x00000000fd380000,0x00000000fd380000,0x0000000100000000)
 ParOldGen       total 524288K, used 111071K [0x00000000d0000000, 0x00000000f0000000, 0x00000000f0000000)
  object space 524288K, 21% used [0x00000000d0000000,0x00000000d6c77c10,0x00000000f0000000)
 Metaspace       used 86030K, capacity 88728K, committed 93224K, reserved 1130496K
  class space    used 9335K, capacity 9986K, committed 11952K, reserved 1048576K
}

