# JRE version: OpenJDK Runtime Environment (8.0_162-b12) (build 1.8.0_162-8u162-b12-0ubuntu0.16.04.2-b12)
# Java VM: OpenJDK 64-Bit Server VM (25.162-b12 mixed mode linux-amd64 compressed oops)
Heap:
 PSYoungGen      total 222208K, used 41998K [0x00000000f0000000, 0x0000000100000000, 0x0000000100000000)
  eden space 180736K, 9% used [0x00000000f0000000,0x00000000f117ba10,0x00000000fb080000)
  from space 41472K, 58% used [0x00000000fd780000,0x00000000fef07e30,0x0000000100000000)
  to   space 39936K, 0% used [0x00000000fb080000,0x00000000fb080000,0x00000000fd780000)
 ParOldGen       total 524288K, used 115795K [0x00000000d0000000, 0x00000000f0000000, 0x00000000f0000000)
  object space 524288K, 22% used [0x00000000d0000000,0x00000000d7114e18,0x00000000f0000000)
 Metaspace       used 72508K, capacity 76156K, committed 76416K, reserved 1116160K
  class space    used 8866K, capacity 9841K, committed 9856K, reserved 1048576K
GC Heap History (10 events):
Event: 117.984 GC heap before
{Heap before GC invocations=43 (full 3):
 PSYoungGen      total 212992K, used 187876K [0x00000000f0000000, 0x0000000100000000, 0x0000000100000000)
  eden space 165888K, 100% used [0x00000000f0000000,0x00000000fa200000,0x00000000fa200000)
  from space 47104K, 46% used [0x00000000fa200000,0x00000000fb779398,0x00000000fd000000)
  to   space 46080K, 0% used [0x00000000fd300000,0x00000000fd300000,0x0000000100000000)
 ParOldGen       total 524288K, used 106141K [0x00000000d0000000, 0x00000000f0000000, 0x00000000f0000000)
  object space 524288K, 20% used [0x00000000d0000000,0x00000000d67a7498,0x00000000f0000000)
 Metaspace       used 70474K, capacity 73508K, committed 73728K, reserved 1114112K
  class space    used 8598K, capacity 9372K, committed 9472K, reserved 1048576K
Event: 118.004 GC heap after
Heap after GC invocations=43 (full 3):
 PSYoungGen      total 216576K, used 17370K [0x00000000f0000000, 0x0000000100000000, 0x0000000100000000)
  eden space 170496K, 0% used [0x00000000f0000000,0x00000000f0000000,0x00000000fa680000)
  from space 46080K, 37% used [0x00000000fd300000,0x00000000fe3f6af0,0x0000000100000000)
  to   space 45568K, 0% used [0x00000000fa680000,0x00000000fa680000,0x00000000fd300000)
 ParOldGen       total 524288K, used 113583K [0x00000000d0000000, 0x00000000f0000000, 0x00000000f0000000)
  object space 524288K, 21% used [0x00000000d0000000,0x00000000d6eebc28,0x00000000f0000000)
 Metaspace       used 70474K, capacity 73508K, committed 73728K, reserved 1114112K
  class space    used 8598K, capacity 9372K, committed 9472K, reserved 1048576K
}
Event: 575.069 GC heap before
{Heap before GC invocations=44 (full 3):
 PSYoungGen      total 216576K, used 187866K [0x00000000f0000000, 0x0000000100000000, 0x0000000100000000)
  eden space 170496K, 100% used [0x00000000f0000000,0x00000000fa680000,0x00000000fa680000)
  from space 46080K, 37% used [0x00000000fd300000,0x00000000fe3f6af0,0x0000000100000000)
  to   space 45568K, 0% used [0x00000000fa680000,0x00000000fa680000,0x00000000fd300000)
 ParOldGen       total 524288K, used 113583K [0x00000000d0000000, 0x00000000f0000000, 0x00000000f0000000)
  object space 524288K, 21% used [0x00000000d0000000,0x00000000d6eebc28,0x00000000f0000000)
 Metaspace       used 70959K, capacity 74434K, committed 74752K, reserved 1114112K
  class space    used 8712K, capacity 9634K, committed 9728K, reserved 1048576K
Event: 575.108 GC heap after
Heap after GC invocations=44 (full 3):
 PSYoungGen      total 216064K, used 17130K [0x00000000f0000000, 0x0000000100000000, 0x0000000100000000)
  eden space 170496K, 0% used [0x00000000f0000000,0x00000000f0000000,0x00000000fa680000)
  from space 45568K, 37% used [0x00000000fa680000,0x00000000fb73aad0,0x00000000fd300000)
  to   space 45056K, 0% used [0x00000000fd400000,0x00000000fd400000,0x0000000100000000)
 ParOldGen       total 524288K, used 115779K [0x00000000d0000000, 0x00000000f0000000, 0x00000000f0000000)
  object space 524288K, 22% used [0x00000000d0000000,0x00000000d7110e18,0x00000000f0000000)
 Metaspace       used 70959K, capacity 74434K, committed 74752K, reserved 1114112K
  class space    used 8712K, capacity 9634K, committed 9728K, reserved 1048576K
}
Event: 1606.968 GC heap before
{Heap before GC invocations=45 (full 3):
 PSYoungGen      total 216064K, used 187626K [0x00000000f0000000, 0x0000000100000000, 0x0000000100000000)
  eden space 170496K, 100% used [0x00000000f0000000,0x00000000fa680000,0x00000000fa680000)
  from space 45568K, 37% used [0x00000000fa680000,0x00000000fb73aad0,0x00000000fd300000)
  to   space 45056K, 0% used [0x00000000fd400000,0x00000000fd400000,0x0000000100000000)
 ParOldGen       total 524288K, used 115779K [0x00000000d0000000, 0x00000000f0000000, 0x00000000f0000000)
  object space 524288K, 22% used [0x00000000d0000000,0x00000000d7110e18,0x00000000f0000000)
 Metaspace       used 71610K, capacity 75116K, committed 75264K, reserved 1114112K
  class space    used 8775K, capacity 9710K, committed 9728K, reserved 1048576K
Event: 1606.984 GC heap after
Heap after GC invocations=45 (full 3):
 PSYoungGen      total 219136K, used 23308K [0x00000000f0000000, 0x0000000100000000, 0x0000000100000000)
  eden space 174080K, 0% used [0x00000000f0000000,0x00000000f0000000,0x00000000faa00000)
  from space 45056K, 51% used [0x00000000fd400000,0x00000000feac31d8,0x0000000100000000)
  to   space 43008K, 0% used [0x00000000faa00000,0x00000000faa00000,0x00000000fd400000)
 ParOldGen       total 524288K, used 115787K [0x00000000d0000000, 0x00000000f0000000, 0x00000000f0000000)
  object space 524288K, 22% used [0x00000000d0000000,0x00000000d7112e18,0x00000000f0000000)
 Metaspace       used 71610K, capacity 75116K, committed 75264K, reserved 1114112K
  class space    used 8775K, capacity 9710K, committed 9728K, reserved 1048576K
}
Event: 2837.525 GC heap before
{Heap before GC invocations=46 (full 3):
 PSYoungGen      total 219136K, used 197388K [0x00000000f0000000, 0x0000000100000000, 0x0000000100000000)
  eden space 174080K, 100% used [0x00000000f0000000,0x00000000faa00000,0x00000000faa00000)
  from space 45056K, 51% used [0x00000000fd400000,0x00000000feac31d8,0x0000000100000000)
  to   space 43008K, 0% used [0x00000000faa00000,0x00000000faa00000,0x00000000fd400000)
 ParOldGen       total 524288K, used 115787K [0x00000000d0000000, 0x00000000f0000000, 0x00000000f0000000)
  object space 524288K, 22% used [0x00000000d0000000,0x00000000d7112e18,0x00000000f0000000)
 Metaspace       used 72034K, capacity 75640K, committed 75904K, reserved 1116160K
  class space    used 8806K, capacity 9735K, committed 9856K, reserved 1048576K
Event: 2837.544 GC heap after
Heap after GC invocations=46 (full 3):
 PSYoungGen      total 217088K, used 22075K [0x00000000f0000000, 0x0000000100000000, 0x0000000100000000)
  eden space 174080K, 0% used [0x00000000f0000000,0x00000000f0000000,0x00000000faa00000)
  from space 43008K, 51% used [0x00000000faa00000,0x00000000fbf8ec58,0x00000000fd400000)
  to   space 41472K, 0% used [0x00000000fd780000,0x00000000fd780000,0x0000000100000000)
 ParOldGen       total 524288K, used 115795K [0x00000000d0000000, 0x00000000f0000000, 0x00000000f0000000)
  object space 524288K, 22% used [0x00000000d0000000,0x00000000d7114e18,0x00000000f0000000)
 Metaspace       used 72034K, capacity 75640K, committed 75904K, reserved 1116160K
  class space    used 8806K, capacity 9735K, committed 9856K, reserved 1048576K
}
Event: 4783.236 GC heap before
{Heap before GC invocations=47 (full 3):
 PSYoungGen      total 217088K, used 196155K [0x00000000f0000000, 0x0000000100000000, 0x0000000100000000)
  eden space 174080K, 100% used [0x00000000f0000000,0x00000000faa00000,0x00000000faa00000)
  from space 43008K, 51% used [0x00000000faa00000,0x00000000fbf8ec58,0x00000000fd400000)
  to   space 41472K, 0% used [0x00000000fd780000,0x00000000fd780000,0x0000000100000000)
 ParOldGen       total 524288K, used 115795K [0x00000000d0000000, 0x00000000f0000000, 0x00000000f0000000)
  object space 524288K, 22% used [0x00000000d0000000,0x00000000d7114e18,0x00000000f0000000)
 Metaspace       used 72419K, capacity 76092K, committed 76160K, reserved 1116160K
  class space    used 8843K, capacity 9841K, committed 9856K, reserved 1048576K
Event: 4783.253 GC heap after
Heap after GC invocations=47 (full 3):
 PSYoungGen      total 222208K, used 24095K [0x00000000f0000000, 0x0000000100000000, 0x0000000100000000)
  eden space 180736K, 0% used [0x00000000f0000000,0x00000000f0000000,0x00000000fb080000)
  from space 41472K, 58% used [0x00000000fd780000,0x00000000fef07e30,0x0000000100000000)
  to   space 39936K, 0% used [0x00000000fb080000,0x00000000fb080000,0x00000000fd780000)
 ParOldGen       total 524288K, used 115795K [0x00000000d0000000, 0x00000000f0000000, 0x00000000f0000000)
  object space 524288K, 22% used [0x00000000d0000000,0x00000000d7114e18,0x00000000f0000000)
 Metaspace       used 72419K, capacity 76092K, committed 76160K, reserved 1116160K
  class space    used 8843K, capacity 9841K, committed 9856K, reserved 1048576K
}

