# JRE version: OpenJDK Runtime Environment (8.0_151-b12) (build 1.8.0_151-8u151-b12-0ubuntu0.16.04.2-b12)
# Java VM: OpenJDK 64-Bit Server VM (25.151-b12 mixed mode linux-amd64 compressed oops)
Heap:
 PSYoungGen      total 207360K, used 107973K [0x00000000f0000000, 0x0000000100000000, 0x0000000100000000)
  eden space 169984K, 41% used [0x00000000f0000000,0x00000000f453bf58,0x00000000fa600000)
  from space 37376K, 99% used [0x00000000fa800000,0x00000000fcc356d0,0x00000000fcc80000)
  to   space 48640K, 0% used [0x00000000fd080000,0x00000000fd080000,0x0000000100000000)
 ParOldGen       total 524288K, used 92520K [0x00000000d0000000, 0x00000000f0000000, 0x00000000f0000000)
  object space 524288K, 17% used [0x00000000d0000000,0x00000000d5a5a100,0x00000000f0000000)
 Metaspace       used 69897K, capacity 72716K, committed 72920K, reserved 1112064K
  class space    used 8600K, capacity 9385K, committed 9472K, reserved 1048576K
GC Heap History (10 events):
Event: 31.476 GC heap before
{Heap before GC invocations=30 (full 3):
 PSYoungGen      total 224768K, used 203484K [0x00000000f0000000, 0x0000000100000000, 0x0000000100000000)
  eden space 185856K, 100% used [0x00000000f0000000,0x00000000fb580000,0x00000000fb580000)
  from space 38912K, 45% used [0x00000000fda00000,0x00000000feb37020,0x0000000100000000)
  to   space 37376K, 0% used [0x00000000fb580000,0x00000000fb580000,0x00000000fda00000)
 ParOldGen       total 524288K, used 92480K [0x00000000d0000000, 0x00000000f0000000, 0x00000000f0000000)
  object space 524288K, 17% used [0x00000000d0000000,0x00000000d5a50100,0x00000000f0000000)
 Metaspace       used 66501K, capacity 68486K, committed 68696K, reserved 1110016K
  class space    used 8147K, capacity 8757K, committed 8832K, reserved 1048576K
Event: 31.494 GC heap after
Heap after GC invocations=30 (full 3):
 PSYoungGen      total 223232K, used 20666K [0x00000000f0000000, 0x0000000100000000, 0x0000000100000000)
  eden space 185856K, 0% used [0x00000000f0000000,0x00000000f0000000,0x00000000fb580000)
  from space 37376K, 55% used [0x00000000fb580000,0x00000000fc9ae840,0x00000000fda00000)
  to   space 36864K, 0% used [0x00000000fdc00000,0x00000000fdc00000,0x0000000100000000)
 ParOldGen       total 524288K, used 92488K [0x00000000d0000000, 0x00000000f0000000, 0x00000000f0000000)
  object space 524288K, 17% used [0x00000000d0000000,0x00000000d5a52100,0x00000000f0000000)
 Metaspace       used 66501K, capacity 68486K, committed 68696K, reserved 1110016K
  class space    used 8147K, capacity 8757K, committed 8832K, reserved 1048576K
}
Event: 47.602 GC heap before
{Heap before GC invocations=31 (full 3):
 PSYoungGen      total 223232K, used 206522K [0x00000000f0000000, 0x0000000100000000, 0x0000000100000000)
  eden space 185856K, 100% used [0x00000000f0000000,0x00000000fb580000,0x00000000fb580000)
  from space 37376K, 55% used [0x00000000fb580000,0x00000000fc9ae840,0x00000000fda00000)
  to   space 36864K, 0% used [0x00000000fdc00000,0x00000000fdc00000,0x0000000100000000)
 ParOldGen       total 524288K, used 92488K [0x00000000d0000000, 0x00000000f0000000, 0x00000000f0000000)
  object space 524288K, 17% used [0x00000000d0000000,0x00000000d5a52100,0x00000000f0000000)
 Metaspace       used 67690K, capacity 69890K, committed 70104K, reserved 1110016K
  class space    used 8283K, capacity 8928K, committed 8960K, reserved 1048576K
Event: 47.621 GC heap after
Heap after GC invocations=31 (full 3):
 PSYoungGen      total 223232K, used 25993K [0x00000000f0000000, 0x0000000100000000, 0x0000000100000000)
  eden space 186368K, 0% used [0x00000000f0000000,0x00000000f0000000,0x00000000fb600000)
  from space 36864K, 70% used [0x00000000fdc00000,0x00000000ff562568,0x0000000100000000)
  to   space 37888K, 0% used [0x00000000fb600000,0x00000000fb600000,0x00000000fdb00000)
 ParOldGen       total 524288K, used 92496K [0x00000000d0000000, 0x00000000f0000000, 0x00000000f0000000)
  object space 524288K, 17% used [0x00000000d0000000,0x00000000d5a54100,0x00000000f0000000)
 Metaspace       used 67690K, capacity 69890K, committed 70104K, reserved 1110016K
  class space    used 8283K, capacity 8928K, committed 8960K, reserved 1048576K
}
Event: 777.009 GC heap before
{Heap before GC invocations=32 (full 3):
 PSYoungGen      total 223232K, used 212361K [0x00000000f0000000, 0x0000000100000000, 0x0000000100000000)
  eden space 186368K, 100% used [0x00000000f0000000,0x00000000fb600000,0x00000000fb600000)
  from space 36864K, 70% used [0x00000000fdc00000,0x00000000ff562568,0x0000000100000000)
  to   space 37888K, 0% used [0x00000000fb600000,0x00000000fb600000,0x00000000fdb00000)
 ParOldGen       total 524288K, used 92496K [0x00000000d0000000, 0x00000000f0000000, 0x00000000f0000000)
  object space 524288K, 17% used [0x00000000d0000000,0x00000000d5a54100,0x00000000f0000000)
 Metaspace       used 68796K, capacity 71136K, committed 71384K, reserved 1112064K
  class space    used 8412K, capacity 9113K, committed 9216K, reserved 1048576K
Event: 777.036 GC heap after
Heap after GC invocations=32 (full 3):
 PSYoungGen      total 222720K, used 36012K [0x00000000f0000000, 0x0000000100000000, 0x0000000100000000)
  eden space 186368K, 0% used [0x00000000f0000000,0x00000000f0000000,0x00000000fb600000)
  from space 36352K, 99% used [0x00000000fb600000,0x00000000fd92b3d8,0x00000000fd980000)
  to   space 39424K, 0% used [0x00000000fd980000,0x00000000fd980000,0x0000000100000000)
 ParOldGen       total 524288K, used 92504K [0x00000000d0000000, 0x00000000f0000000, 0x00000000f0000000)
  object space 524288K, 17% used [0x00000000d0000000,0x00000000d5a56100,0x00000000f0000000)
 Metaspace       used 68796K, capacity 71136K, committed 71384K, reserved 1112064K
  class space    used 8412K, capacity 9113K, committed 9216K, reserved 1048576K
}
Event: 796.869 GC heap before
{Heap before GC invocations=33 (full 3):
 PSYoungGen      total 222720K, used 222380K [0x00000000f0000000, 0x0000000100000000, 0x0000000100000000)
  eden space 186368K, 100% used [0x00000000f0000000,0x00000000fb600000,0x00000000fb600000)
  from space 36352K, 99% used [0x00000000fb600000,0x00000000fd92b3d8,0x00000000fd980000)
  to   space 39424K, 0% used [0x00000000fd980000,0x00000000fd980000,0x0000000100000000)
 ParOldGen       total 524288K, used 92504K [0x00000000d0000000, 0x00000000f0000000, 0x00000000f0000000)
  object space 524288K, 17% used [0x00000000d0000000,0x00000000d5a56100,0x00000000f0000000)
 Metaspace       used 69113K, capacity 71464K, committed 71640K, reserved 1112064K
  class space    used 8441K, capacity 9141K, committed 9216K, reserved 1048576K
Event: 796.911 GC heap after
Heap after GC invocations=33 (full 3):
 PSYoungGen      total 211456K, used 31955K [0x00000000f0000000, 0x0000000100000000, 0x0000000100000000)
  eden space 172032K, 0% used [0x00000000f0000000,0x00000000f0000000,0x00000000fa800000)
  from space 39424K, 81% used [0x00000000fd980000,0x00000000ff8b4e90,0x0000000100000000)
  to   space 45056K, 0% used [0x00000000fa800000,0x00000000fa800000,0x00000000fd400000)
 ParOldGen       total 524288K, used 92512K [0x00000000d0000000, 0x00000000f0000000, 0x00000000f0000000)
  object space 524288K, 17% used [0x00000000d0000000,0x00000000d5a58100,0x00000000f0000000)
 Metaspace       used 69113K, capacity 71464K, committed 71640K, reserved 1112064K
  class space    used 8441K, capacity 9141K, committed 9216K, reserved 1048576K
}
Event: 2188.789 GC heap before
{Heap before GC invocations=34 (full 3):
 PSYoungGen      total 211456K, used 203987K [0x00000000f0000000, 0x0000000100000000, 0x0000000100000000)
  eden space 172032K, 100% used [0x00000000f0000000,0x00000000fa800000,0x00000000fa800000)
  from space 39424K, 81% used [0x00000000fd980000,0x00000000ff8b4e90,0x0000000100000000)
  to   space 45056K, 0% used [0x00000000fa800000,0x00000000fa800000,0x00000000fd400000)
 ParOldGen       total 524288K, used 92512K [0x00000000d0000000, 0x00000000f0000000, 0x00000000f0000000)
  object space 524288K, 17% used [0x00000000d0000000,0x00000000d5a58100,0x00000000f0000000)
 Metaspace       used 69846K, capacity 72534K, committed 72664K, reserved 1112064K
  class space    used 8588K, capacity 9371K, committed 9472K, reserved 1048576K
Event: 2188.820 GC heap after
Heap after GC invocations=34 (full 3):
 PSYoungGen      total 207360K, used 37077K [0x00000000f0000000, 0x0000000100000000, 0x0000000100000000)
  eden space 169984K, 0% used [0x00000000f0000000,0x00000000f0000000,0x00000000fa600000)
  from space 37376K, 99% used [0x00000000fa800000,0x00000000fcc356d0,0x00000000fcc80000)
  to   space 48640K, 0% used [0x00000000fd080000,0x00000000fd080000,0x0000000100000000)
 ParOldGen       total 524288K, used 92520K [0x00000000d0000000, 0x00000000f0000000, 0x00000000f0000000)
  object space 524288K, 17% used [0x00000000d0000000,0x00000000d5a5a100,0x00000000f0000000)
 Metaspace       used 69846K, capacity 72534K, committed 72664K, reserved 1112064K
  class space    used 8588K, capacity 9371K, committed 9472K, reserved 1048576K
}

