# JRE version: OpenJDK Runtime Environment (8.0_162-b12) (build 1.8.0_162-8u162-b12-0ubuntu0.16.04.2-b12)
# Java VM: OpenJDK 64-Bit Server VM (25.162-b12 mixed mode linux-amd64 compressed oops)
Heap:
 PSYoungGen      total 203264K, used 105016K [0x00000000f0000000, 0x0000000100000000, 0x0000000100000000)
  eden space 145920K, 50% used [0x00000000f0000000,0x00000000f47b9528,0x00000000f8e80000)
  from space 57344K, 55% used [0x00000000f8e80000,0x00000000fad54bf8,0x00000000fc680000)
  to   space 54784K, 0% used [0x00000000fca80000,0x00000000fca80000,0x0000000100000000)
 ParOldGen       total 524288K, used 105661K [0x00000000d0000000, 0x00000000f0000000, 0x00000000f0000000)
  object space 524288K, 20% used [0x00000000d0000000,0x00000000d672f558,0x00000000f0000000)
 Metaspace       used 77619K, capacity 82428K, committed 82560K, reserved 1120256K
  class space    used 9435K, capacity 10873K, committed 10880K, reserved 1048576K
GC Heap History (10 events):
Event: 2252.913 GC heap before
{Heap before GC invocations=40 (full 3):
 PSYoungGen      total 200192K, used 181931K [0x00000000f0000000, 0x0000000100000000, 0x0000000100000000)
  eden space 141312K, 100% used [0x00000000f0000000,0x00000000f8a00000,0x00000000f8a00000)
  from space 58880K, 68% used [0x00000000fc680000,0x00000000fee2ae78,0x0000000100000000)
  to   space 60416K, 0% used [0x00000000f8a00000,0x00000000f8a00000,0x00000000fc500000)
 ParOldGen       total 524288K, used 94174K [0x00000000d0000000, 0x00000000f0000000, 0x00000000f0000000)
  object space 524288K, 17% used [0x00000000d0000000,0x00000000d5bf7b80,0x00000000f0000000)
 Metaspace       used 75653K, capacity 80122K, committed 80256K, reserved 1118208K
  class space    used 9239K, capacity 10587K, committed 10624K, reserved 1048576K
Event: 2252.949 GC heap after
Heap after GC invocations=40 (full 3):
 PSYoungGen      total 181248K, used 41289K [0x00000000f0000000, 0x0000000100000000, 0x0000000100000000)
  eden space 139776K, 0% used [0x00000000f0000000,0x00000000f0000000,0x00000000f8880000)
  from space 41472K, 99% used [0x00000000f8a00000,0x00000000fb2524b0,0x00000000fb280000)
  to   space 61952K, 0% used [0x00000000fc380000,0x00000000fc380000,0x0000000100000000)
 ParOldGen       total 524288K, used 94182K [0x00000000d0000000, 0x00000000f0000000, 0x00000000f0000000)
  object space 524288K, 17% used [0x00000000d0000000,0x00000000d5bf9b80,0x00000000f0000000)
 Metaspace       used 75653K, capacity 80122K, committed 80256K, reserved 1118208K
  class space    used 9239K, capacity 10587K, committed 10624K, reserved 1048576K
}
Event: 2342.100 GC heap before
{Heap before GC invocations=41 (full 3):
 PSYoungGen      total 181248K, used 181065K [0x00000000f0000000, 0x0000000100000000, 0x0000000100000000)
  eden space 139776K, 100% used [0x00000000f0000000,0x00000000f8880000,0x00000000f8880000)
  from space 41472K, 99% used [0x00000000f8a00000,0x00000000fb2524b0,0x00000000fb280000)
  to   space 61952K, 0% used [0x00000000fc380000,0x00000000fc380000,0x0000000100000000)
 ParOldGen       total 524288K, used 94182K [0x00000000d0000000, 0x00000000f0000000, 0x00000000f0000000)
  object space 524288K, 17% used [0x00000000d0000000,0x00000000d5bf9b80,0x00000000f0000000)
 Metaspace       used 76113K, capacity 80626K, committed 80768K, reserved 1120256K
  class space    used 9263K, capacity 10607K, committed 10624K, reserved 1048576K
Event: 2342.133 GC heap after
Heap after GC invocations=41 (full 3):
 PSYoungGen      total 201216K, used 36164K [0x00000000f0000000, 0x0000000100000000, 0x0000000100000000)
  eden space 139264K, 0% used [0x00000000f0000000,0x00000000f0000000,0x00000000f8800000)
  from space 61952K, 58% used [0x00000000fc380000,0x00000000fe6d1128,0x0000000100000000)
  to   space 60928K, 0% used [0x00000000f8800000,0x00000000f8800000,0x00000000fc380000)
 ParOldGen       total 524288K, used 98278K [0x00000000d0000000, 0x00000000f0000000, 0x00000000f0000000)
  object space 524288K, 18% used [0x00000000d0000000,0x00000000d5ff9948,0x00000000f0000000)
 Metaspace       used 76113K, capacity 80626K, committed 80768K, reserved 1120256K
  class space    used 9263K, capacity 10607K, committed 10624K, reserved 1048576K
}
Event: 2412.660 GC heap before
{Heap before GC invocations=42 (full 3):
 PSYoungGen      total 201216K, used 175428K [0x00000000f0000000, 0x0000000100000000, 0x0000000100000000)
  eden space 139264K, 100% used [0x00000000f0000000,0x00000000f8800000,0x00000000f8800000)
  from space 61952K, 58% used [0x00000000fc380000,0x00000000fe6d1128,0x0000000100000000)
  to   space 60928K, 0% used [0x00000000f8800000,0x00000000f8800000,0x00000000fc380000)
 ParOldGen       total 524288K, used 98278K [0x00000000d0000000, 0x00000000f0000000, 0x00000000f0000000)
  object space 524288K, 18% used [0x00000000d0000000,0x00000000d5ff9948,0x00000000f0000000)
 Metaspace       used 76632K, capacity 81278K, committed 81408K, reserved 1120256K
  class space    used 9292K, capacity 10667K, committed 10752K, reserved 1048576K
Event: 2412.687 GC heap after
Heap after GC invocations=42 (full 3):
 PSYoungGen      total 200192K, used 34140K [0x00000000f0000000, 0x0000000100000000, 0x0000000100000000)
  eden space 139264K, 0% used [0x00000000f0000000,0x00000000f0000000,0x00000000f8800000)
  from space 60928K, 56% used [0x00000000f8800000,0x00000000fa9571e0,0x00000000fc380000)
  to   space 58880K, 0% used [0x00000000fc680000,0x00000000fc680000,0x0000000100000000)
 ParOldGen       total 524288K, used 100190K [0x00000000d0000000, 0x00000000f0000000, 0x00000000f0000000)
  object space 524288K, 19% used [0x00000000d0000000,0x00000000d61d7948,0x00000000f0000000)
 Metaspace       used 76632K, capacity 81278K, committed 81408K, reserved 1120256K
  class space    used 9292K, capacity 10667K, committed 10752K, reserved 1048576K
}
Event: 2921.979 GC heap before
{Heap before GC invocations=43 (full 3):
 PSYoungGen      total 200192K, used 173404K [0x00000000f0000000, 0x0000000100000000, 0x0000000100000000)
  eden space 139264K, 100% used [0x00000000f0000000,0x00000000f8800000,0x00000000f8800000)
  from space 60928K, 56% used [0x00000000f8800000,0x00000000fa9571e0,0x00000000fc380000)
  to   space 58880K, 0% used [0x00000000fc680000,0x00000000fc680000,0x0000000100000000)
 ParOldGen       total 524288K, used 100190K [0x00000000d0000000, 0x00000000f0000000, 0x00000000f0000000)
  object space 524288K, 19% used [0x00000000d0000000,0x00000000d61d7948,0x00000000f0000000)
 Metaspace       used 76787K, capacity 81504K, committed 81664K, reserved 1120256K
  class space    used 9319K, capacity 10727K, committed 10752K, reserved 1048576K
Event: 2922.023 GC heap after
Heap after GC invocations=43 (full 3):
 PSYoungGen      total 204800K, used 34138K [0x00000000f0000000, 0x0000000100000000, 0x0000000100000000)
  eden space 145920K, 0% used [0x00000000f0000000,0x00000000f0000000,0x00000000f8e80000)
  from space 58880K, 57% used [0x00000000fc680000,0x00000000fe7d6ab8,0x0000000100000000)
  to   space 57344K, 0% used [0x00000000f8e80000,0x00000000f8e80000,0x00000000fc680000)
 ParOldGen       total 524288K, used 101990K [0x00000000d0000000, 0x00000000f0000000, 0x00000000f0000000)
  object space 524288K, 19% used [0x00000000d0000000,0x00000000d63999d0,0x00000000f0000000)
 Metaspace       used 76787K, capacity 81504K, committed 81664K, reserved 1120256K
  class space    used 9319K, capacity 10727K, committed 10752K, reserved 1048576K
}
Event: 3070.322 GC heap before
{Heap before GC invocations=44 (full 3):
 PSYoungGen      total 204800K, used 180058K [0x00000000f0000000, 0x0000000100000000, 0x0000000100000000)
  eden space 145920K, 100% used [0x00000000f0000000,0x00000000f8e80000,0x00000000f8e80000)
  from space 58880K, 57% used [0x00000000fc680000,0x00000000fe7d6ab8,0x0000000100000000)
  to   space 57344K, 0% used [0x00000000f8e80000,0x00000000f8e80000,0x00000000fc680000)
 ParOldGen       total 524288K, used 101990K [0x00000000d0000000, 0x00000000f0000000, 0x00000000f0000000)
  object space 524288K, 19% used [0x00000000d0000000,0x00000000d63999d0,0x00000000f0000000)
 Metaspace       used 77133K, capacity 81958K, committed 82048K, reserved 1120256K
  class space    used 9385K, capacity 10832K, committed 10880K, reserved 1048576K
Event: 3070.348 GC heap after
Heap after GC invocations=44 (full 3):
 PSYoungGen      total 203264K, used 31570K [0x00000000f0000000, 0x0000000100000000, 0x0000000100000000)
  eden space 145920K, 0% used [0x00000000f0000000,0x00000000f0000000,0x00000000f8e80000)
  from space 57344K, 55% used [0x00000000f8e80000,0x00000000fad54bf8,0x00000000fc680000)
  to   space 54784K, 0% used [0x00000000fca80000,0x00000000fca80000,0x0000000100000000)
 ParOldGen       total 524288K, used 105661K [0x00000000d0000000, 0x00000000f0000000, 0x00000000f0000000)
  object space 524288K, 20% used [0x00000000d0000000,0x00000000d672f558,0x00000000f0000000)
 Metaspace       used 77133K, capacity 81958K, committed 82048K, reserved 1120256K
  class space    used 9385K, capacity 10832K, committed 10880K, reserved 1048576K
}

