# JRE version: OpenJDK Runtime Environment (8.0_151-b12) (build 1.8.0_151-8u151-b12-0ubuntu0.16.04.2-b12)
# Java VM: OpenJDK 64-Bit Server VM (25.151-b12 mixed mode linux-amd64 compressed oops)
Heap:
 PSYoungGen      total 216576K, used 144692K [0x00000000f0000000, 0x0000000100000000, 0x0000000100000000)
  eden space 182272K, 60% used [0x00000000f0000000,0x00000000f6bd3548,0x00000000fb200000)
  from space 34304K, 99% used [0x00000000fde80000,0x00000000ffff9df0,0x0000000100000000)
  to   space 39936K, 0% used [0x00000000fb200000,0x00000000fb200000,0x00000000fd900000)
 ParOldGen       total 524288K, used 96280K [0x00000000d0000000, 0x00000000f0000000, 0x00000000f0000000)
  object space 524288K, 18% used [0x00000000d0000000,0x00000000d5e06080,0x00000000f0000000)
 Metaspace       used 70755K, capacity 74476K, committed 74712K, reserved 1114112K
  class space    used 8785K, capacity 9711K, committed 9728K, reserved 1048576K
GC Heap History (10 events):
Event: 620.919 GC heap before
{Heap before GC invocations=37 (full 3):
 PSYoungGen      total 226816K, used 214127K [0x00000000f0000000, 0x0000000100000000, 0x0000000100000000)
  eden space 191488K, 100% used [0x00000000f0000000,0x00000000fbb00000,0x00000000fbb00000)
  from space 35328K, 64% used [0x00000000fbb00000,0x00000000fd11bc30,0x00000000fdd80000)
  to   space 34816K, 0% used [0x00000000fde00000,0x00000000fde00000,0x0000000100000000)
 ParOldGen       total 524288K, used 91492K [0x00000000d0000000, 0x00000000f0000000, 0x00000000f0000000)
  object space 524288K, 17% used [0x00000000d0000000,0x00000000d5959280,0x00000000f0000000)
 Metaspace       used 67788K, capacity 71028K, committed 71256K, reserved 1112064K
  class space    used 8447K, capacity 9286K, committed 9344K, reserved 1048576K
Event: 620.941 GC heap after
Heap after GC invocations=37 (full 3):
 PSYoungGen      total 227328K, used 22675K [0x00000000f0000000, 0x0000000100000000, 0x0000000100000000)
  eden space 192512K, 0% used [0x00000000f0000000,0x00000000f0000000,0x00000000fbc00000)
  from space 34816K, 65% used [0x00000000fde00000,0x00000000ff424f70,0x0000000100000000)
  to   space 34816K, 0% used [0x00000000fbc00000,0x00000000fbc00000,0x00000000fde00000)
 ParOldGen       total 524288K, used 91500K [0x00000000d0000000, 0x00000000f0000000, 0x00000000f0000000)
  object space 524288K, 17% used [0x00000000d0000000,0x00000000d595b280,0x00000000f0000000)
 Metaspace       used 67788K, capacity 71028K, committed 71256K, reserved 1112064K
  class space    used 8447K, capacity 9286K, committed 9344K, reserved 1048576K
}
Event: 686.283 GC heap before
{Heap before GC invocations=38 (full 3):
 PSYoungGen      total 227328K, used 215187K [0x00000000f0000000, 0x0000000100000000, 0x0000000100000000)
  eden space 192512K, 100% used [0x00000000f0000000,0x00000000fbc00000,0x00000000fbc00000)
  from space 34816K, 65% used [0x00000000fde00000,0x00000000ff424f70,0x0000000100000000)
  to   space 34816K, 0% used [0x00000000fbc00000,0x00000000fbc00000,0x00000000fde00000)
 ParOldGen       total 524288K, used 91500K [0x00000000d0000000, 0x00000000f0000000, 0x00000000f0000000)
  object space 524288K, 17% used [0x00000000d0000000,0x00000000d595b280,0x00000000f0000000)
 Metaspace       used 67935K, capacity 71224K, committed 71256K, reserved 1112064K
  class space    used 8476K, capacity 9328K, committed 9344K, reserved 1048576K
Event: 686.302 GC heap after
Heap after GC invocations=38 (full 3):
 PSYoungGen      total 227328K, used 22985K [0x00000000f0000000, 0x0000000100000000, 0x0000000100000000)
  eden space 192512K, 0% used [0x00000000f0000000,0x00000000f0000000,0x00000000fbc00000)
  from space 34816K, 66% used [0x00000000fbc00000,0x00000000fd2724f0,0x00000000fde00000)
  to   space 34304K, 0% used [0x00000000fde80000,0x00000000fde80000,0x0000000100000000)
 ParOldGen       total 524288K, used 91508K [0x00000000d0000000, 0x00000000f0000000, 0x00000000f0000000)
  object space 524288K, 17% used [0x00000000d0000000,0x00000000d595d280,0x00000000f0000000)
 Metaspace       used 67935K, capacity 71224K, committed 71256K, reserved 1112064K
  class space    used 8476K, capacity 9328K, committed 9344K, reserved 1048576K
}
Event: 711.089 GC heap before
{Heap before GC invocations=39 (full 3):
 PSYoungGen      total 227328K, used 215497K [0x00000000f0000000, 0x0000000100000000, 0x0000000100000000)
  eden space 192512K, 100% used [0x00000000f0000000,0x00000000fbc00000,0x00000000fbc00000)
  from space 34816K, 66% used [0x00000000fbc00000,0x00000000fd2724f0,0x00000000fde00000)
  to   space 34304K, 0% used [0x00000000fde80000,0x00000000fde80000,0x0000000100000000)
 ParOldGen       total 524288K, used 91508K [0x00000000d0000000, 0x00000000f0000000, 0x00000000f0000000)
  object space 524288K, 17% used [0x00000000d0000000,0x00000000d595d280,0x00000000f0000000)
 Metaspace       used 68094K, capacity 71444K, committed 71640K, reserved 1112064K
  class space    used 8507K, capacity 9374K, committed 9472K, reserved 1048576K
Event: 711.108 GC heap after
Heap after GC invocations=39 (full 3):
 PSYoungGen      total 227840K, used 23346K [0x00000000f0000000, 0x0000000100000000, 0x0000000100000000)
  eden space 193536K, 0% used [0x00000000f0000000,0x00000000f0000000,0x00000000fbd00000)
  from space 34304K, 68% used [0x00000000fde80000,0x00000000ff54c8d0,0x0000000100000000)
  to   space 34304K, 0% used [0x00000000fbd00000,0x00000000fbd00000,0x00000000fde80000)
 ParOldGen       total 524288K, used 91508K [0x00000000d0000000, 0x00000000f0000000, 0x00000000f0000000)
  object space 524288K, 17% used [0x00000000d0000000,0x00000000d595d280,0x00000000f0000000)
 Metaspace       used 68094K, capacity 71444K, committed 71640K, reserved 1112064K
  class space    used 8507K, capacity 9374K, committed 9472K, reserved 1048576K
}
Event: 770.463 GC heap before
{Heap before GC invocations=40 (full 3):
 PSYoungGen      total 227840K, used 216882K [0x00000000f0000000, 0x0000000100000000, 0x0000000100000000)
  eden space 193536K, 100% used [0x00000000f0000000,0x00000000fbd00000,0x00000000fbd00000)
  from space 34304K, 68% used [0x00000000fde80000,0x00000000ff54c8d0,0x0000000100000000)
  to   space 34304K, 0% used [0x00000000fbd00000,0x00000000fbd00000,0x00000000fde80000)
 ParOldGen       total 524288K, used 91508K [0x00000000d0000000, 0x00000000f0000000, 0x00000000f0000000)
  object space 524288K, 17% used [0x00000000d0000000,0x00000000d595d280,0x00000000f0000000)
 Metaspace       used 68890K, capacity 72240K, committed 72408K, reserved 1112064K
  class space    used 8606K, capacity 9459K, committed 9472K, reserved 1048576K
Event: 770.486 GC heap after
Heap after GC invocations=40 (full 3):
 PSYoungGen      total 227840K, used 24103K [0x00000000f0000000, 0x0000000100000000, 0x0000000100000000)
  eden space 193536K, 0% used [0x00000000f0000000,0x00000000f0000000,0x00000000fbd00000)
  from space 34304K, 70% used [0x00000000fbd00000,0x00000000fd489d90,0x00000000fde80000)
  to   space 34304K, 0% used [0x00000000fde80000,0x00000000fde80000,0x0000000100000000)
 ParOldGen       total 524288K, used 91516K [0x00000000d0000000, 0x00000000f0000000, 0x00000000f0000000)
  object space 524288K, 17% used [0x00000000d0000000,0x00000000d595f280,0x00000000f0000000)
 Metaspace       used 68890K, capacity 72240K, committed 72408K, reserved 1112064K
  class space    used 8606K, capacity 9459K, committed 9472K, reserved 1048576K
}
Event: 776.365 GC heap before
{Heap before GC invocations=41 (full 3):
 PSYoungGen      total 227840K, used 217639K [0x00000000f0000000, 0x0000000100000000, 0x0000000100000000)
  eden space 193536K, 100% used [0x00000000f0000000,0x00000000fbd00000,0x00000000fbd00000)
  from space 34304K, 70% used [0x00000000fbd00000,0x00000000fd489d90,0x00000000fde80000)
  to   space 34304K, 0% used [0x00000000fde80000,0x00000000fde80000,0x0000000100000000)
 ParOldGen       total 524288K, used 91516K [0x00000000d0000000, 0x00000000f0000000, 0x00000000f0000000)
  object space 524288K, 17% used [0x00000000d0000000,0x00000000d595f280,0x00000000f0000000)
 Metaspace       used 70250K, capacity 73810K, committed 73944K, reserved 1114112K
  class space    used 8734K, capacity 9625K, committed 9728K, reserved 1048576K
Event: 776.407 GC heap after
Heap after GC invocations=41 (full 3):
 PSYoungGen      total 216576K, used 34279K [0x00000000f0000000, 0x0000000100000000, 0x0000000100000000)
  eden space 182272K, 0% used [0x00000000f0000000,0x00000000f0000000,0x00000000fb200000)
  from space 34304K, 99% used [0x00000000fde80000,0x00000000ffff9df0,0x0000000100000000)
  to   space 39936K, 0% used [0x00000000fb200000,0x00000000fb200000,0x00000000fd900000)
 ParOldGen       total 524288K, used 96280K [0x00000000d0000000, 0x00000000f0000000, 0x00000000f0000000)
  object space 524288K, 18% used [0x00000000d0000000,0x00000000d5e06080,0x00000000f0000000)
 Metaspace       used 70250K, capacity 73810K, committed 73944K, reserved 1114112K
  class space    used 8734K, capacity 9625K, committed 9728K, reserved 1048576K
}

