# JRE version: OpenJDK Runtime Environment (8.0_151-b12) (build 1.8.0_151-8u151-b12-0ubuntu0.16.04.2-b12)
# Java VM: OpenJDK 64-Bit Server VM (25.151-b12 mixed mode linux-amd64 compressed oops)
Heap:
 PSYoungGen      total 310784K, used 295332K [0x00000000eab00000, 0x0000000100000000, 0x0000000100000000)
  eden space 278016K, 97% used [0x00000000eab00000,0x00000000fb3b0778,0x00000000fba80000)
  from space 32768K, 74% used [0x00000000fba80000,0x00000000fd238968,0x00000000fda80000)
  to   space 34304K, 0% used [0x00000000fde80000,0x00000000fde80000,0x0000000100000000)
 ParOldGen       total 299520K, used 55480K [0x00000000c0000000, 0x00000000d2480000, 0x00000000eab00000)
  object space 299520K, 18% used [0x00000000c0000000,0x00000000c362e2f8,0x00000000d2480000)
 Metaspace       used 73232K, capacity 76170K, committed 76456K, reserved 1116160K
  class space    used 9316K, capacity 10077K, committed 10152K, reserved 1048576K
GC Heap History (10 events):
Event: 34.675 GC heap before
{Heap before GC invocations=14 (full 2):
 PSYoungGen      total 210944K, used 210937K [0x00000000eab00000, 0x00000000fb680000, 0x0000000100000000)
  eden space 186368K, 100% used [0x00000000eab00000,0x00000000f6100000,0x00000000f6100000)
  from space 24576K, 99% used [0x00000000f6100000,0x00000000f78fe630,0x00000000f7900000)
  to   space 28160K, 0% used [0x00000000f9b00000,0x00000000f9b00000,0x00000000fb680000)
 ParOldGen       total 202752K, used 37716K [0x00000000c0000000, 0x00000000cc600000, 0x00000000eab00000)
  object space 202752K, 18% used [0x00000000c0000000,0x00000000c24d5240,0x00000000cc600000)
 Metaspace       used 55800K, capacity 58010K, committed 58280K, reserved 1099776K
  class space    used 7428K, capacity 8021K, committed 8104K, reserved 1048576K
Event: 34.719 GC heap after
Heap after GC invocations=14 (full 2):
 PSYoungGen      total 242688K, used 26140K [0x00000000eab00000, 0x00000000fba80000, 0x0000000100000000)
  eden space 214528K, 0% used [0x00000000eab00000,0x00000000eab00000,0x00000000f7c80000)
  from space 28160K, 92% used [0x00000000f9b00000,0x00000000fb4872b8,0x00000000fb680000)
  to   space 31232K, 0% used [0x00000000f7c80000,0x00000000f7c80000,0x00000000f9b00000)
 ParOldGen       total 202752K, used 46616K [0x00000000c0000000, 0x00000000cc600000, 0x00000000eab00000)
  object space 202752K, 22% used [0x00000000c0000000,0x00000000c2d86160,0x00000000cc600000)
 Metaspace       used 55800K, capacity 58010K, committed 58280K, reserved 1099776K
  class space    used 7428K, capacity 8021K, committed 8104K, reserved 1048576K
}
Event: 35.061 GC heap before
{Heap before GC invocations=15 (full 2):
 PSYoungGen      total 242688K, used 82737K [0x00000000eab00000, 0x00000000fba80000, 0x0000000100000000)
  eden space 214528K, 26% used [0x00000000eab00000,0x00000000ee245510,0x00000000f7c80000)
  from space 28160K, 92% used [0x00000000f9b00000,0x00000000fb4872b8,0x00000000fb680000)
  to   space 31232K, 0% used [0x00000000f7c80000,0x00000000f7c80000,0x00000000f9b00000)
 ParOldGen       total 202752K, used 46616K [0x00000000c0000000, 0x00000000cc600000, 0x00000000eab00000)
  object space 202752K, 22% used [0x00000000c0000000,0x00000000c2d86160,0x00000000cc600000)
 Metaspace       used 56557K, capacity 59124K, committed 59160K, reserved 1099776K
  class space    used 7611K, capacity 8359K, committed 8360K, reserved 1048576K
Event: 35.086 GC heap after
Heap after GC invocations=15 (full 2):
 PSYoungGen      total 245760K, used 27194K [0x00000000eab00000, 0x00000000ffb80000, 0x0000000100000000)
  eden space 214528K, 0% used [0x00000000eab00000,0x00000000eab00000,0x00000000f7c80000)
  from space 31232K, 87% used [0x00000000f7c80000,0x00000000f970ebf8,0x00000000f9b00000)
  to   space 33792K, 0% used [0x00000000fda80000,0x00000000fda80000,0x00000000ffb80000)
 ParOldGen       total 202752K, used 46624K [0x00000000c0000000, 0x00000000cc600000, 0x00000000eab00000)
  object space 202752K, 22% used [0x00000000c0000000,0x00000000c2d88160,0x00000000cc600000)
 Metaspace       used 56557K, capacity 59124K, committed 59160K, reserved 1099776K
  class space    used 7611K, capacity 8359K, committed 8360K, reserved 1048576K
}
Event: 35.086 GC heap before
{Heap before GC invocations=16 (full 3):
 PSYoungGen      total 245760K, used 27194K [0x00000000eab00000, 0x00000000ffb80000, 0x0000000100000000)
  eden space 214528K, 0% used [0x00000000eab00000,0x00000000eab00000,0x00000000f7c80000)
  from space 31232K, 87% used [0x00000000f7c80000,0x00000000f970ebf8,0x00000000f9b00000)
  to   space 33792K, 0% used [0x00000000fda80000,0x00000000fda80000,0x00000000ffb80000)
 ParOldGen       total 202752K, used 46624K [0x00000000c0000000, 0x00000000cc600000, 0x00000000eab00000)
  object space 202752K, 22% used [0x00000000c0000000,0x00000000c2d88160,0x00000000cc600000)
 Metaspace       used 56557K, capacity 59124K, committed 59160K, reserved 1099776K
  class space    used 7611K, capacity 8359K, committed 8360K, reserved 1048576K
Event: 35.348 GC heap after
Heap after GC invocations=16 (full 3):
 PSYoungGen      total 245760K, used 0K [0x00000000eab00000, 0x00000000ffb80000, 0x0000000100000000)
  eden space 214528K, 0% used [0x00000000eab00000,0x00000000eab00000,0x00000000f7c80000)
  from space 31232K, 0% used [0x00000000f7c80000,0x00000000f7c80000,0x00000000f9b00000)
  to   space 33792K, 0% used [0x00000000fda80000,0x00000000fda80000,0x00000000ffb80000)
 ParOldGen       total 299520K, used 55464K [0x00000000c0000000, 0x00000000d2480000, 0x00000000eab00000)
  object space 299520K, 18% used [0x00000000c0000000,0x00000000c362a2f8,0x00000000d2480000)
 Metaspace       used 56553K, capacity 59112K, committed 59160K, reserved 1099776K
  class space    used 7610K, capacity 8357K, committed 8360K, reserved 1048576K
}
Event: 36.950 GC heap before
{Heap before GC invocations=17 (full 3):
 PSYoungGen      total 245760K, used 214528K [0x00000000eab00000, 0x00000000ffb80000, 0x0000000100000000)
  eden space 214528K, 100% used [0x00000000eab00000,0x00000000f7c80000,0x00000000f7c80000)
  from space 31232K, 0% used [0x00000000f7c80000,0x00000000f7c80000,0x00000000f9b00000)
  to   space 33792K, 0% used [0x00000000fda80000,0x00000000fda80000,0x00000000ffb80000)
 ParOldGen       total 299520K, used 55464K [0x00000000c0000000, 0x00000000d2480000, 0x00000000eab00000)
  object space 299520K, 18% used [0x00000000c0000000,0x00000000c362a2f8,0x00000000d2480000)
 Metaspace       used 61192K, capacity 63948K, committed 64168K, reserved 1103872K
  class space    used 8112K, capacity 8860K, committed 8872K, reserved 1048576K
Event: 36.966 GC heap after
Heap after GC invocations=17 (full 3):
 PSYoungGen      total 311808K, used 18102K [0x00000000eab00000, 0x00000000ffb80000, 0x0000000100000000)
  eden space 278016K, 0% used [0x00000000eab00000,0x00000000eab00000,0x00000000fba80000)
  from space 33792K, 53% used [0x00000000fda80000,0x00000000fec2d9d8,0x00000000ffb80000)
  to   space 32768K, 0% used [0x00000000fba80000,0x00000000fba80000,0x00000000fda80000)
 ParOldGen       total 299520K, used 55480K [0x00000000c0000000, 0x00000000d2480000, 0x00000000eab00000)
  object space 299520K, 18% used [0x00000000c0000000,0x00000000c362e2f8,0x00000000d2480000)
 Metaspace       used 61192K, capacity 63948K, committed 64168K, reserved 1103872K
  class space    used 8112K, capacity 8860K, committed 8872K, reserved 1048576K
}
Event: 39.102 GC heap before
{Heap before GC invocations=18 (full 3):
 PSYoungGen      total 311808K, used 296118K [0x00000000eab00000, 0x00000000ffb80000, 0x0000000100000000)
  eden space 278016K, 100% used [0x00000000eab00000,0x00000000fba80000,0x00000000fba80000)
  from space 33792K, 53% used [0x00000000fda80000,0x00000000fec2d9d8,0x00000000ffb80000)
  to   space 32768K, 0% used [0x00000000fba80000,0x00000000fba80000,0x00000000fda80000)
 ParOldGen       total 299520K, used 55480K [0x00000000c0000000, 0x00000000d2480000, 0x00000000eab00000)
  object space 299520K, 18% used [0x00000000c0000000,0x00000000c362e2f8,0x00000000d2480000)
 Metaspace       used 65096K, capacity 67820K, committed 68008K, reserved 1107968K
  class space    used 8512K, capacity 9276K, committed 9384K, reserved 1048576K
Event: 39.135 GC heap after
Heap after GC invocations=18 (full 3):
 PSYoungGen      total 310784K, used 24290K [0x00000000eab00000, 0x0000000100000000, 0x0000000100000000)
  eden space 278016K, 0% used [0x00000000eab00000,0x00000000eab00000,0x00000000fba80000)
  from space 32768K, 74% used [0x00000000fba80000,0x00000000fd238968,0x00000000fda80000)
  to   space 34304K, 0% used [0x00000000fde80000,0x00000000fde80000,0x0000000100000000)
 ParOldGen       total 299520K, used 55480K [0x00000000c0000000, 0x00000000d2480000, 0x00000000eab00000)
  object space 299520K, 18% used [0x00000000c0000000,0x00000000c362e2f8,0x00000000d2480000)
 Metaspace       used 65096K, capacity 67820K, committed 68008K, reserved 1107968K
  class space    used 8512K, capacity 9276K, committed 9384K, reserved 1048576K
}

