# JRE version: OpenJDK Runtime Environment (8.0_162-b12) (build 1.8.0_162-8u162-b12-0ubuntu0.16.04.2-b12)
# Java VM: OpenJDK 64-Bit Server VM (25.162-b12 mixed mode linux-amd64 compressed oops)
Heap:
 PSYoungGen      total 180736K, used 76225K [0x00000000f0000000, 0x0000000100000000, 0x0000000100000000)
  eden space 109568K, 18% used [0x00000000f0000000,0x00000000f1432810,0x00000000f6b00000)
  from space 71168K, 78% used [0x00000000fba80000,0x00000000ff0bddd8,0x0000000100000000)
  to   space 76288K, 0% used [0x00000000f6b00000,0x00000000f6b00000,0x00000000fb580000)
 ParOldGen       total 524288K, used 90604K [0x00000000d0000000, 0x00000000f0000000, 0x00000000f0000000)
  object space 524288K, 17% used [0x00000000d0000000,0x00000000d587b2b8,0x00000000f0000000)
 Metaspace       used 73505K, capacity 77650K, committed 77912K, reserved 1116160K
  class space    used 9100K, capacity 10297K, committed 10368K, reserved 1048576K
GC Heap History (10 events):
Event: 175.536 GC heap before
{Heap before GC invocations=35 (full 3):
 PSYoungGen      total 216576K, used 216155K [0x00000000f0000000, 0x0000000100000000, 0x0000000100000000)
  eden space 175104K, 100% used [0x00000000f0000000,0x00000000fab00000,0x00000000fab00000)
  from space 41472K, 98% used [0x00000000fab00000,0x00000000fd316c90,0x00000000fd380000)
  to   space 45568K, 0% used [0x00000000fd380000,0x00000000fd380000,0x0000000100000000)
 ParOldGen       total 524288K, used 90564K [0x00000000d0000000, 0x00000000f0000000, 0x00000000f0000000)
  object space 524288K, 17% used [0x00000000d0000000,0x00000000d58712b8,0x00000000f0000000)
 Metaspace       used 71985K, capacity 75528K, committed 75864K, reserved 1116160K
  class space    used 8881K, capacity 9997K, committed 10112K, reserved 1048576K
Event: 175.568 GC heap after
Heap after GC invocations=35 (full 3):
 PSYoungGen      total 200192K, used 42826K [0x00000000f0000000, 0x0000000100000000, 0x0000000100000000)
  eden space 154624K, 0% used [0x00000000f0000000,0x00000000f0000000,0x00000000f9700000)
  from space 45568K, 93% used [0x00000000fd380000,0x00000000ffd529d0,0x0000000100000000)
  to   space 53760K, 0% used [0x00000000f9700000,0x00000000f9700000,0x00000000fcb80000)
 ParOldGen       total 524288K, used 90572K [0x00000000d0000000, 0x00000000f0000000, 0x00000000f0000000)
  object space 524288K, 17% used [0x00000000d0000000,0x00000000d58732b8,0x00000000f0000000)
 Metaspace       used 71985K, capacity 75528K, committed 75864K, reserved 1116160K
  class space    used 8881K, capacity 9997K, committed 10112K, reserved 1048576K
}
Event: 195.121 GC heap before
{Heap before GC invocations=36 (full 3):
 PSYoungGen      total 200192K, used 197450K [0x00000000f0000000, 0x0000000100000000, 0x0000000100000000)
  eden space 154624K, 100% used [0x00000000f0000000,0x00000000f9700000,0x00000000f9700000)
  from space 45568K, 93% used [0x00000000fd380000,0x00000000ffd529d0,0x0000000100000000)
  to   space 53760K, 0% used [0x00000000f9700000,0x00000000f9700000,0x00000000fcb80000)
 ParOldGen       total 524288K, used 90572K [0x00000000d0000000, 0x00000000f0000000, 0x00000000f0000000)
  object space 524288K, 17% used [0x00000000d0000000,0x00000000d58732b8,0x00000000f0000000)
 Metaspace       used 72324K, capacity 76022K, committed 76120K, reserved 1116160K
  class space    used 8944K, capacity 10094K, committed 10112K, reserved 1048576K
Event: 195.160 GC heap after
Heap after GC invocations=36 (full 3):
 PSYoungGen      total 199168K, used 44277K [0x00000000f0000000, 0x0000000100000000, 0x0000000100000000)
  eden space 154624K, 0% used [0x00000000f0000000,0x00000000f0000000,0x00000000f9700000)
  from space 44544K, 99% used [0x00000000f9700000,0x00000000fc23d7e8,0x00000000fc280000)
  to   space 58368K, 0% used [0x00000000fc700000,0x00000000fc700000,0x0000000100000000)
 ParOldGen       total 524288K, used 90580K [0x00000000d0000000, 0x00000000f0000000, 0x00000000f0000000)
  object space 524288K, 17% used [0x00000000d0000000,0x00000000d58752b8,0x00000000f0000000)
 Metaspace       used 72324K, capacity 76022K, committed 76120K, reserved 1116160K
  class space    used 8944K, capacity 10094K, committed 10112K, reserved 1048576K
}
Event: 269.295 GC heap before
{Heap before GC invocations=37 (full 3):
 PSYoungGen      total 199168K, used 198901K [0x00000000f0000000, 0x0000000100000000, 0x0000000100000000)
  eden space 154624K, 100% used [0x00000000f0000000,0x00000000f9700000,0x00000000f9700000)
  from space 44544K, 99% used [0x00000000f9700000,0x00000000fc23d7e8,0x00000000fc280000)
  to   space 58368K, 0% used [0x00000000fc700000,0x00000000fc700000,0x0000000100000000)
 ParOldGen       total 524288K, used 90580K [0x00000000d0000000, 0x00000000f0000000, 0x00000000f0000000)
  object space 524288K, 17% used [0x00000000d0000000,0x00000000d58752b8,0x00000000f0000000)
 Metaspace       used 72785K, capacity 76570K, committed 76760K, reserved 1116160K
  class space    used 9002K, capacity 10152K, committed 10240K, reserved 1048576K
Event: 269.333 GC heap after
Heap after GC invocations=37 (full 3):
 PSYoungGen      total 189440K, used 53351K [0x00000000f0000000, 0x0000000100000000, 0x0000000100000000)
  eden space 131072K, 0% used [0x00000000f0000000,0x00000000f0000000,0x00000000f8000000)
  from space 58368K, 91% used [0x00000000fc700000,0x00000000ffb19dd8,0x0000000100000000)
  to   space 65536K, 0% used [0x00000000f8000000,0x00000000f8000000,0x00000000fc000000)
 ParOldGen       total 524288K, used 90588K [0x00000000d0000000, 0x00000000f0000000, 0x00000000f0000000)
  object space 524288K, 17% used [0x00000000d0000000,0x00000000d58772b8,0x00000000f0000000)
 Metaspace       used 72785K, capacity 76570K, committed 76760K, reserved 1116160K
  class space    used 9002K, capacity 10152K, committed 10240K, reserved 1048576K
}
Event: 289.355 GC heap before
{Heap before GC invocations=38 (full 3):
 PSYoungGen      total 189440K, used 184423K [0x00000000f0000000, 0x0000000100000000, 0x0000000100000000)
  eden space 131072K, 100% used [0x00000000f0000000,0x00000000f8000000,0x00000000f8000000)
  from space 58368K, 91% used [0x00000000fc700000,0x00000000ffb19dd8,0x0000000100000000)
  to   space 65536K, 0% used [0x00000000f8000000,0x00000000f8000000,0x00000000fc000000)
 ParOldGen       total 524288K, used 90588K [0x00000000d0000000, 0x00000000f0000000, 0x00000000f0000000)
  object space 524288K, 17% used [0x00000000d0000000,0x00000000d58772b8,0x00000000f0000000)
 Metaspace       used 72966K, capacity 76868K, committed 77016K, reserved 1116160K
  class space    used 9040K, capacity 10211K, committed 10240K, reserved 1048576K
Event: 289.394 GC heap after
Heap after GC invocations=38 (full 3):
 PSYoungGen      total 184832K, used 53460K [0x00000000f0000000, 0x0000000100000000, 0x0000000100000000)
  eden space 131072K, 0% used [0x00000000f0000000,0x00000000f0000000,0x00000000f8000000)
  from space 53760K, 99% used [0x00000000f8000000,0x00000000fb435248,0x00000000fb480000)
  to   space 71168K, 0% used [0x00000000fba80000,0x00000000fba80000,0x0000000100000000)
 ParOldGen       total 524288K, used 90596K [0x00000000d0000000, 0x00000000f0000000, 0x00000000f0000000)
  object space 524288K, 17% used [0x00000000d0000000,0x00000000d58792b8,0x00000000f0000000)
 Metaspace       used 72966K, capacity 76868K, committed 77016K, reserved 1116160K
  class space    used 9040K, capacity 10211K, committed 10240K, reserved 1048576K
}
Event: 399.807 GC heap before
{Heap before GC invocations=39 (full 3):
 PSYoungGen      total 184832K, used 184532K [0x00000000f0000000, 0x0000000100000000, 0x0000000100000000)
  eden space 131072K, 100% used [0x00000000f0000000,0x00000000f8000000,0x00000000f8000000)
  from space 53760K, 99% used [0x00000000f8000000,0x00000000fb435248,0x00000000fb480000)
  to   space 71168K, 0% used [0x00000000fba80000,0x00000000fba80000,0x0000000100000000)
 ParOldGen       total 524288K, used 90596K [0x00000000d0000000, 0x00000000f0000000, 0x00000000f0000000)
  object space 524288K, 17% used [0x00000000d0000000,0x00000000d58792b8,0x00000000f0000000)
 Metaspace       used 73359K, capacity 77460K, committed 77656K, reserved 1116160K
  class space    used 9083K, capacity 10255K, committed 10368K, reserved 1048576K
Event: 399.848 GC heap after
Heap after GC invocations=39 (full 3):
 PSYoungGen      total 180736K, used 55543K [0x00000000f0000000, 0x0000000100000000, 0x0000000100000000)
  eden space 109568K, 0% used [0x00000000f0000000,0x00000000f0000000,0x00000000f6b00000)
  from space 71168K, 78% used [0x00000000fba80000,0x00000000ff0bddd8,0x0000000100000000)
  to   space 76288K, 0% used [0x00000000f6b00000,0x00000000f6b00000,0x00000000fb580000)
 ParOldGen       total 524288K, used 90604K [0x00000000d0000000, 0x00000000f0000000, 0x00000000f0000000)
  object space 524288K, 17% used [0x00000000d0000000,0x00000000d587b2b8,0x00000000f0000000)
 Metaspace       used 73359K, capacity 77460K, committed 77656K, reserved 1116160K
  class space    used 9083K, capacity 10255K, committed 10368K, reserved 1048576K
}

