# JRE version: OpenJDK Runtime Environment (8.0_162-b12) (build 1.8.0_162-8u162-b12-0ubuntu0.16.04.2-b12)
# Java VM: OpenJDK 64-Bit Server VM (25.162-b12 mixed mode linux-amd64 compressed oops)
Heap:
 PSYoungGen      total 210944K, used 206289K [0x00000000f0000000, 0x0000000100000000, 0x0000000100000000)
  eden space 163840K, 97% used [0x00000000f0000000,0x00000000f9bc6c88,0x00000000fa000000)
  from space 47104K, 99% used [0x00000000fa000000,0x00000000fcdad800,0x00000000fce00000)
  to   space 51200K, 0% used [0x00000000fce00000,0x00000000fce00000,0x0000000100000000)
 ParOldGen       total 524288K, used 89974K [0x00000000d0000000, 0x00000000f0000000, 0x00000000f0000000)
  object space 524288K, 17% used [0x00000000d0000000,0x00000000d57dda00,0x00000000f0000000)
 Metaspace       used 72331K, capacity 76268K, committed 76544K, reserved 1116160K
  class space    used 8847K, capacity 9907K, committed 9984K, reserved 1048576K
GC Heap History (10 events):
Event: 251.644 GC heap before
{Heap before GC invocations=32 (full 3):
 PSYoungGen      total 223744K, used 210137K [0x00000000f0000000, 0x0000000100000000, 0x0000000100000000)
  eden space 186368K, 100% used [0x00000000f0000000,0x00000000fb600000,0x00000000fb600000)
  from space 37376K, 63% used [0x00000000fdb80000,0x00000000ff2b66b0,0x0000000100000000)
  to   space 37888K, 0% used [0x00000000fb600000,0x00000000fb600000,0x00000000fdb00000)
 ParOldGen       total 524288K, used 89934K [0x00000000d0000000, 0x00000000f0000000, 0x00000000f0000000)
  object space 524288K, 17% used [0x00000000d0000000,0x00000000d57d3a00,0x00000000f0000000)
 Metaspace       used 67771K, capacity 70272K, committed 70528K, reserved 1110016K
  class space    used 8260K, capacity 9006K, committed 9088K, reserved 1048576K
Event: 251.683 GC heap after
Heap after GC invocations=32 (full 3):
 PSYoungGen      total 214016K, used 27472K [0x00000000f0000000, 0x0000000100000000, 0x0000000100000000)
  eden space 186368K, 0% used [0x00000000f0000000,0x00000000f0000000,0x00000000fb600000)
  from space 27648K, 99% used [0x00000000fb600000,0x00000000fd0d42b8,0x00000000fd100000)
  to   space 39424K, 0% used [0x00000000fd980000,0x00000000fd980000,0x0000000100000000)
 ParOldGen       total 524288K, used 89942K [0x00000000d0000000, 0x00000000f0000000, 0x00000000f0000000)
  object space 524288K, 17% used [0x00000000d0000000,0x00000000d57d5a00,0x00000000f0000000)
 Metaspace       used 67771K, capacity 70272K, committed 70528K, reserved 1110016K
  class space    used 8260K, capacity 9006K, committed 9088K, reserved 1048576K
}
Event: 345.174 GC heap before
{Heap before GC invocations=33 (full 3):
 PSYoungGen      total 214016K, used 213840K [0x00000000f0000000, 0x0000000100000000, 0x0000000100000000)
  eden space 186368K, 100% used [0x00000000f0000000,0x00000000fb600000,0x00000000fb600000)
  from space 27648K, 99% used [0x00000000fb600000,0x00000000fd0d42b8,0x00000000fd100000)
  to   space 39424K, 0% used [0x00000000fd980000,0x00000000fd980000,0x0000000100000000)
 ParOldGen       total 524288K, used 89942K [0x00000000d0000000, 0x00000000f0000000, 0x00000000f0000000)
  object space 524288K, 17% used [0x00000000d0000000,0x00000000d57d5a00,0x00000000f0000000)
 Metaspace       used 69518K, capacity 72860K, committed 73216K, reserved 1114112K
  class space    used 8490K, capacity 9349K, committed 9472K, reserved 1048576K
Event: 345.207 GC heap after
Heap after GC invocations=33 (full 3):
 PSYoungGen      total 216576K, used 33719K [0x00000000f0000000, 0x0000000100000000, 0x0000000100000000)
  eden space 177152K, 0% used [0x00000000f0000000,0x00000000f0000000,0x00000000fad00000)
  from space 39424K, 85% used [0x00000000fd980000,0x00000000ffa6de00,0x0000000100000000)
  to   space 42496K, 0% used [0x00000000fad00000,0x00000000fad00000,0x00000000fd680000)
 ParOldGen       total 524288K, used 89950K [0x00000000d0000000, 0x00000000f0000000, 0x00000000f0000000)
  object space 524288K, 17% used [0x00000000d0000000,0x00000000d57d7a00,0x00000000f0000000)
 Metaspace       used 69518K, capacity 72860K, committed 73216K, reserved 1114112K
  class space    used 8490K, capacity 9349K, committed 9472K, reserved 1048576K
}
Event: 402.030 GC heap before
{Heap before GC invocations=34 (full 3):
 PSYoungGen      total 216576K, used 210871K [0x00000000f0000000, 0x0000000100000000, 0x0000000100000000)
  eden space 177152K, 100% used [0x00000000f0000000,0x00000000fad00000,0x00000000fad00000)
  from space 39424K, 85% used [0x00000000fd980000,0x00000000ffa6de00,0x0000000100000000)
  to   space 42496K, 0% used [0x00000000fad00000,0x00000000fad00000,0x00000000fd680000)
 ParOldGen       total 524288K, used 89950K [0x00000000d0000000, 0x00000000f0000000, 0x00000000f0000000)
  object space 524288K, 17% used [0x00000000d0000000,0x00000000d57d7a00,0x00000000f0000000)
 Metaspace       used 70350K, capacity 73860K, committed 74112K, reserved 1114112K
  class space    used 8624K, capacity 9564K, committed 9600K, reserved 1048576K
Event: 402.076 GC heap after
Heap after GC invocations=34 (full 3):
 PSYoungGen      total 213504K, used 36054K [0x00000000f0000000, 0x0000000100000000, 0x0000000100000000)
  eden space 177152K, 0% used [0x00000000f0000000,0x00000000f0000000,0x00000000fad00000)
  from space 36352K, 99% used [0x00000000fad00000,0x00000000fd035840,0x00000000fd080000)
  to   space 46080K, 0% used [0x00000000fd300000,0x00000000fd300000,0x0000000100000000)
 ParOldGen       total 524288K, used 89958K [0x00000000d0000000, 0x00000000f0000000, 0x00000000f0000000)
  object space 524288K, 17% used [0x00000000d0000000,0x00000000d57d9a00,0x00000000f0000000)
 Metaspace       used 70350K, capacity 73860K, committed 74112K, reserved 1114112K
  class space    used 8624K, capacity 9564K, committed 9600K, reserved 1048576K
}
Event: 435.093 GC heap before
{Heap before GC invocations=35 (full 3):
 PSYoungGen      total 213504K, used 213206K [0x00000000f0000000, 0x0000000100000000, 0x0000000100000000)
  eden space 177152K, 100% used [0x00000000f0000000,0x00000000fad00000,0x00000000fad00000)
  from space 36352K, 99% used [0x00000000fad00000,0x00000000fd035840,0x00000000fd080000)
  to   space 46080K, 0% used [0x00000000fd300000,0x00000000fd300000,0x0000000100000000)
 ParOldGen       total 524288K, used 89958K [0x00000000d0000000, 0x00000000f0000000, 0x00000000f0000000)
  object space 524288K, 17% used [0x00000000d0000000,0x00000000d57d9a00,0x00000000f0000000)
 Metaspace       used 70903K, capacity 74648K, committed 74880K, reserved 1114112K
  class space    used 8736K, capacity 9776K, committed 9856K, reserved 1048576K
Event: 435.124 GC heap after
Heap after GC invocations=35 (full 3):
 PSYoungGen      total 209920K, used 37269K [0x00000000f0000000, 0x0000000100000000, 0x0000000100000000)
  eden space 163840K, 0% used [0x00000000f0000000,0x00000000f0000000,0x00000000fa000000)
  from space 46080K, 80% used [0x00000000fd300000,0x00000000ff765428,0x0000000100000000)
  to   space 49152K, 0% used [0x00000000fa000000,0x00000000fa000000,0x00000000fd000000)
 ParOldGen       total 524288K, used 89966K [0x00000000d0000000, 0x00000000f0000000, 0x00000000f0000000)
  object space 524288K, 17% used [0x00000000d0000000,0x00000000d57dba00,0x00000000f0000000)
 Metaspace       used 70903K, capacity 74648K, committed 74880K, reserved 1114112K
  class space    used 8736K, capacity 9776K, committed 9856K, reserved 1048576K
}
Event: 1261.833 GC heap before
{Heap before GC invocations=36 (full 3):
 PSYoungGen      total 209920K, used 201109K [0x00000000f0000000, 0x0000000100000000, 0x0000000100000000)
  eden space 163840K, 100% used [0x00000000f0000000,0x00000000fa000000,0x00000000fa000000)
  from space 46080K, 80% used [0x00000000fd300000,0x00000000ff765428,0x0000000100000000)
  to   space 49152K, 0% used [0x00000000fa000000,0x00000000fa000000,0x00000000fd000000)
 ParOldGen       total 524288K, used 89966K [0x00000000d0000000, 0x00000000f0000000, 0x00000000f0000000)
  object space 524288K, 17% used [0x00000000d0000000,0x00000000d57dba00,0x00000000f0000000)
 Metaspace       used 71733K, capacity 75638K, committed 75776K, reserved 1116160K
  class space    used 8819K, capacity 9898K, committed 9984K, reserved 1048576K
Event: 1261.866 GC heap after
Heap after GC invocations=36 (full 3):
 PSYoungGen      total 210944K, used 46774K [0x00000000f0000000, 0x0000000100000000, 0x0000000100000000)
  eden space 163840K, 0% used [0x00000000f0000000,0x00000000f0000000,0x00000000fa000000)
  from space 47104K, 99% used [0x00000000fa000000,0x00000000fcdad800,0x00000000fce00000)
  to   space 51200K, 0% used [0x00000000fce00000,0x00000000fce00000,0x0000000100000000)
 ParOldGen       total 524288K, used 89974K [0x00000000d0000000, 0x00000000f0000000, 0x00000000f0000000)
  object space 524288K, 17% used [0x00000000d0000000,0x00000000d57dda00,0x00000000f0000000)
 Metaspace       used 71733K, capacity 75638K, committed 75776K, reserved 1116160K
  class space    used 8819K, capacity 9898K, committed 9984K, reserved 1048576K
}

