# JRE version: OpenJDK Runtime Environment (8.0_151-b12) (build 1.8.0_151-8u151-b12-0ubuntu0.16.04.2-b12)
# Java VM: OpenJDK 64-Bit Server VM (25.151-b12 mixed mode linux-amd64 compressed oops)
Heap:
 PSYoungGen      total 239616K, used 104581K [0x00000000f0000000, 0x0000000100000000, 0x0000000100000000)
  eden space 215552K, 44% used [0x00000000f0000000,0x00000000f5ce2540,0x00000000fd280000)
  from space 24064K, 39% used [0x00000000fe880000,0x00000000ff1bf068,0x0000000100000000)
  to   space 22528K, 0% used [0x00000000fd280000,0x00000000fd280000,0x00000000fe880000)
 ParOldGen       total 524288K, used 141580K [0x00000000d0000000, 0x00000000f0000000, 0x00000000f0000000)
  object space 524288K, 27% used [0x00000000d0000000,0x00000000d8a43098,0x00000000f0000000)
 Metaspace       used 89663K, capacity 96386K, committed 96600K, reserved 1134592K
  class space    used 10673K, capacity 12409K, committed 12416K, reserved 1048576K
GC Heap History (10 events):
Event: 10221.668 GC heap before
{Heap before GC invocations=73 (full 3):
 PSYoungGen      total 228864K, used 204456K [0x00000000f0000000, 0x0000000100000000, 0x0000000100000000)
  eden space 197120K, 100% used [0x00000000f0000000,0x00000000fc080000,0x00000000fc080000)
  from space 31744K, 23% used [0x00000000fc080000,0x00000000fc7aa228,0x00000000fdf80000)
  to   space 29696K, 0% used [0x00000000fe300000,0x00000000fe300000,0x0000000100000000)
 ParOldGen       total 524288K, used 141210K [0x00000000d0000000, 0x00000000f0000000, 0x00000000f0000000)
  object space 524288K, 26% used [0x00000000d0000000,0x00000000d89e6888,0x00000000f0000000)
 Metaspace       used 88209K, capacity 94842K, committed 94936K, reserved 1132544K
  class space    used 10559K, capacity 12272K, committed 12288K, reserved 1048576K
Event: 10221.676 GC heap after
Heap after GC invocations=73 (full 3):
 PSYoungGen      total 233472K, used 7368K [0x00000000f0000000, 0x0000000100000000, 0x0000000100000000)
  eden space 203776K, 0% used [0x00000000f0000000,0x00000000f0000000,0x00000000fc700000)
  from space 29696K, 24% used [0x00000000fe300000,0x00000000fea32228,0x0000000100000000)
  to   space 28672K, 0% used [0x00000000fc700000,0x00000000fc700000,0x00000000fe300000)
 ParOldGen       total 524288K, used 141242K [0x00000000d0000000, 0x00000000f0000000, 0x00000000f0000000)
  object space 524288K, 26% used [0x00000000d0000000,0x00000000d89ee888,0x00000000f0000000)
 Metaspace       used 88209K, capacity 94842K, committed 94936K, reserved 1132544K
  class space    used 10559K, capacity 12272K, committed 12288K, reserved 1048576K
}
Event: 10247.610 GC heap before
{Heap before GC invocations=74 (full 3):
 PSYoungGen      total 233472K, used 211144K [0x00000000f0000000, 0x0000000100000000, 0x0000000100000000)
  eden space 203776K, 100% used [0x00000000f0000000,0x00000000fc700000,0x00000000fc700000)
  from space 29696K, 24% used [0x00000000fe300000,0x00000000fea32228,0x0000000100000000)
  to   space 28672K, 0% used [0x00000000fc700000,0x00000000fc700000,0x00000000fe300000)
 ParOldGen       total 524288K, used 141242K [0x00000000d0000000, 0x00000000f0000000, 0x00000000f0000000)
  object space 524288K, 26% used [0x00000000d0000000,0x00000000d89ee888,0x00000000f0000000)
 Metaspace       used 88451K, capacity 95110K, committed 95192K, reserved 1132544K
  class space    used 10573K, capacity 12275K, committed 12288K, reserved 1048576K
Event: 10247.617 GC heap after
Heap after GC invocations=74 (full 3):
 PSYoungGen      total 232448K, used 7486K [0x00000000f0000000, 0x0000000100000000, 0x0000000100000000)
  eden space 203776K, 0% used [0x00000000f0000000,0x00000000f0000000,0x00000000fc700000)
  from space 28672K, 26% used [0x00000000fc700000,0x00000000fce4fa28,0x00000000fe300000)
  to   space 27136K, 0% used [0x00000000fe580000,0x00000000fe580000,0x0000000100000000)
 ParOldGen       total 524288K, used 141274K [0x00000000d0000000, 0x00000000f0000000, 0x00000000f0000000)
  object space 524288K, 26% used [0x00000000d0000000,0x00000000d89f6888,0x00000000f0000000)
 Metaspace       used 88451K, capacity 95110K, committed 95192K, reserved 1132544K
  class space    used 10573K, capacity 12275K, committed 12288K, reserved 1048576K
}
Event: 11522.969 GC heap before
{Heap before GC invocations=75 (full 3):
 PSYoungGen      total 232448K, used 211262K [0x00000000f0000000, 0x0000000100000000, 0x0000000100000000)
  eden space 203776K, 100% used [0x00000000f0000000,0x00000000fc700000,0x00000000fc700000)
  from space 28672K, 26% used [0x00000000fc700000,0x00000000fce4fa28,0x00000000fe300000)
  to   space 27136K, 0% used [0x00000000fe580000,0x00000000fe580000,0x0000000100000000)
 ParOldGen       total 524288K, used 141274K [0x00000000d0000000, 0x00000000f0000000, 0x00000000f0000000)
  object space 524288K, 26% used [0x00000000d0000000,0x00000000d89f6888,0x00000000f0000000)
 Metaspace       used 88825K, capacity 95468K, committed 95832K, reserved 1132544K
  class space    used 10595K, capacity 12309K, committed 12416K, reserved 1048576K
Event: 11522.977 GC heap after
Heap after GC invocations=75 (full 3):
 PSYoungGen      total 237056K, used 9672K [0x00000000f0000000, 0x0000000100000000, 0x0000000100000000)
  eden space 209920K, 0% used [0x00000000f0000000,0x00000000f0000000,0x00000000fcd00000)
  from space 27136K, 35% used [0x00000000fe580000,0x00000000feef2068,0x0000000100000000)
  to   space 25088K, 0% used [0x00000000fcd00000,0x00000000fcd00000,0x00000000fe580000)
 ParOldGen       total 524288K, used 141314K [0x00000000d0000000, 0x00000000f0000000, 0x00000000f0000000)
  object space 524288K, 26% used [0x00000000d0000000,0x00000000d8a00888,0x00000000f0000000)
 Metaspace       used 88825K, capacity 95468K, committed 95832K, reserved 1132544K
  class space    used 10595K, capacity 12309K, committed 12416K, reserved 1048576K
}
Event: 11764.648 GC heap before
{Heap before GC invocations=76 (full 3):
 PSYoungGen      total 237056K, used 219592K [0x00000000f0000000, 0x0000000100000000, 0x0000000100000000)
  eden space 209920K, 100% used [0x00000000f0000000,0x00000000fcd00000,0x00000000fcd00000)
  from space 27136K, 35% used [0x00000000fe580000,0x00000000feef2068,0x0000000100000000)
  to   space 25088K, 0% used [0x00000000fcd00000,0x00000000fcd00000,0x00000000fe580000)
 ParOldGen       total 524288K, used 141314K [0x00000000d0000000, 0x00000000f0000000, 0x00000000f0000000)
  object space 524288K, 26% used [0x00000000d0000000,0x00000000d8a00888,0x00000000f0000000)
 Metaspace       used 89103K, capacity 95728K, committed 95832K, reserved 1132544K
  class space    used 10626K, capacity 12351K, committed 12416K, reserved 1048576K
Event: 11764.656 GC heap after
Heap after GC invocations=76 (full 3):
 PSYoungGen      total 235008K, used 7627K [0x00000000f0000000, 0x0000000100000000, 0x0000000100000000)
  eden space 209920K, 0% used [0x00000000f0000000,0x00000000f0000000,0x00000000fcd00000)
  from space 25088K, 30% used [0x00000000fcd00000,0x00000000fd472e28,0x00000000fe580000)
  to   space 24064K, 0% used [0x00000000fe880000,0x00000000fe880000,0x0000000100000000)
 ParOldGen       total 524288K, used 141330K [0x00000000d0000000, 0x00000000f0000000, 0x00000000f0000000)
  object space 524288K, 26% used [0x00000000d0000000,0x00000000d8a04888,0x00000000f0000000)
 Metaspace       used 89103K, capacity 95728K, committed 95832K, reserved 1132544K
  class space    used 10626K, capacity 12351K, committed 12416K, reserved 1048576K
}
Event: 13210.357 GC heap before
{Heap before GC invocations=77 (full 3):
 PSYoungGen      total 235008K, used 217547K [0x00000000f0000000, 0x0000000100000000, 0x0000000100000000)
  eden space 209920K, 100% used [0x00000000f0000000,0x00000000fcd00000,0x00000000fcd00000)
  from space 25088K, 30% used [0x00000000fcd00000,0x00000000fd472e28,0x00000000fe580000)
  to   space 24064K, 0% used [0x00000000fe880000,0x00000000fe880000,0x0000000100000000)
 ParOldGen       total 524288K, used 141330K [0x00000000d0000000, 0x00000000f0000000, 0x00000000f0000000)
  object space 524288K, 26% used [0x00000000d0000000,0x00000000d8a04888,0x00000000f0000000)
 Metaspace       used 89567K, capacity 96264K, committed 96344K, reserved 1132544K
  class space    used 10649K, capacity 12367K, committed 12416K, reserved 1048576K
Event: 13210.365 GC heap after
Heap after GC invocations=77 (full 3):
 PSYoungGen      total 239616K, used 9468K [0x00000000f0000000, 0x0000000100000000, 0x0000000100000000)
  eden space 215552K, 0% used [0x00000000f0000000,0x00000000f0000000,0x00000000fd280000)
  from space 24064K, 39% used [0x00000000fe880000,0x00000000ff1bf068,0x0000000100000000)
  to   space 22528K, 0% used [0x00000000fd280000,0x00000000fd280000,0x00000000fe880000)
 ParOldGen       total 524288K, used 141580K [0x00000000d0000000, 0x00000000f0000000, 0x00000000f0000000)
  object space 524288K, 27% used [0x00000000d0000000,0x00000000d8a43098,0x00000000f0000000)
 Metaspace       used 89567K, capacity 96264K, committed 96344K, reserved 1132544K
  class space    used 10649K, capacity 12367K, committed 12416K, reserved 1048576K
}

