# JRE version: OpenJDK Runtime Environment (8.0_151-b12) (build 1.8.0_151-8u151-b12-0ubuntu0.16.04.2-b12)
# Java VM: OpenJDK 64-Bit Server VM (25.151-b12 mixed mode linux-amd64 compressed oops)
Heap:
 PSYoungGen      total 216064K, used 171486K [0x00000000f0000000, 0x0000000100000000, 0x0000000100000000)
  eden space 172032K, 74% used [0x00000000f0000000,0x00000000f7c7ea60,0x00000000fa800000)
  from space 44032K, 99% used [0x00000000faa00000,0x00000000fd4f9148,0x00000000fd500000)
  to   space 44032K, 0% used [0x00000000fd500000,0x00000000fd500000,0x0000000100000000)
 ParOldGen       total 524288K, used 100169K [0x00000000d0000000, 0x00000000f0000000, 0x00000000f0000000)
  object space 524288K, 19% used [0x00000000d0000000,0x00000000d61d2648,0x00000000f0000000)
 Metaspace       used 77378K, capacity 81490K, committed 81752K, reserved 1120256K
  class space    used 9215K, capacity 10353K, committed 10368K, reserved 1048576K
GC Heap History (10 events):
Event: 1109.100 GC heap before
{Heap before GC invocations=34 (full 3):
 PSYoungGen      total 223744K, used 214565K [0x00000000f0000000, 0x0000000100000000, 0x0000000100000000)
  eden space 188416K, 100% used [0x00000000f0000000,0x00000000fb800000,0x00000000fb800000)
  from space 35328K, 74% used [0x00000000fdd80000,0x00000000ff7097e0,0x0000000100000000)
  to   space 36864K, 0% used [0x00000000fb800000,0x00000000fb800000,0x00000000fdc00000)
 ParOldGen       total 524288K, used 91599K [0x00000000d0000000, 0x00000000f0000000, 0x00000000f0000000)
  object space 524288K, 17% used [0x00000000d0000000,0x00000000d5973d48,0x00000000f0000000)
 Metaspace       used 68158K, capacity 71634K, committed 71768K, reserved 1112064K
  class space    used 8553K, capacity 9568K, committed 9600K, reserved 1048576K
Event: 1109.118 GC heap after
Heap after GC invocations=34 (full 3):
 PSYoungGen      total 225280K, used 20029K [0x00000000f0000000, 0x0000000100000000, 0x0000000100000000)
  eden space 188416K, 0% used [0x00000000f0000000,0x00000000f0000000,0x00000000fb800000)
  from space 36864K, 54% used [0x00000000fb800000,0x00000000fcb8f798,0x00000000fdc00000)
  to   space 35840K, 0% used [0x00000000fdd00000,0x00000000fdd00000,0x0000000100000000)
 ParOldGen       total 524288K, used 91607K [0x00000000d0000000, 0x00000000f0000000, 0x00000000f0000000)
  object space 524288K, 17% used [0x00000000d0000000,0x00000000d5975d48,0x00000000f0000000)
 Metaspace       used 68158K, capacity 71634K, committed 71768K, reserved 1112064K
  class space    used 8553K, capacity 9568K, committed 9600K, reserved 1048576K
}
Event: 2112.044 GC heap before
{Heap before GC invocations=35 (full 3):
 PSYoungGen      total 225280K, used 208445K [0x00000000f0000000, 0x0000000100000000, 0x0000000100000000)
  eden space 188416K, 100% used [0x00000000f0000000,0x00000000fb800000,0x00000000fb800000)
  from space 36864K, 54% used [0x00000000fb800000,0x00000000fcb8f798,0x00000000fdc00000)
  to   space 35840K, 0% used [0x00000000fdd00000,0x00000000fdd00000,0x0000000100000000)
 ParOldGen       total 524288K, used 91607K [0x00000000d0000000, 0x00000000f0000000, 0x00000000f0000000)
  object space 524288K, 17% used [0x00000000d0000000,0x00000000d5975d48,0x00000000f0000000)
 Metaspace       used 69514K, capacity 73202K, committed 73304K, reserved 1112064K
  class space    used 8714K, capacity 9785K, committed 9856K, reserved 1048576K
Event: 2112.067 GC heap after
Heap after GC invocations=35 (full 3):
 PSYoungGen      total 222208K, used 28036K [0x00000000f0000000, 0x0000000100000000, 0x0000000100000000)
  eden space 186368K, 0% used [0x00000000f0000000,0x00000000f0000000,0x00000000fb600000)
  from space 35840K, 78% used [0x00000000fdd00000,0x00000000ff861150,0x0000000100000000)
  to   space 37888K, 0% used [0x00000000fb600000,0x00000000fb600000,0x00000000fdb00000)
 ParOldGen       total 524288K, used 91615K [0x00000000d0000000, 0x00000000f0000000, 0x00000000f0000000)
  object space 524288K, 17% used [0x00000000d0000000,0x00000000d5977d48,0x00000000f0000000)
 Metaspace       used 69514K, capacity 73202K, committed 73304K, reserved 1112064K
  class space    used 8714K, capacity 9785K, committed 9856K, reserved 1048576K
}
Event: 2508.406 GC heap before
{Heap before GC invocations=36 (full 3):
 PSYoungGen      total 222208K, used 214404K [0x00000000f0000000, 0x0000000100000000, 0x0000000100000000)
  eden space 186368K, 100% used [0x00000000f0000000,0x00000000fb600000,0x00000000fb600000)
  from space 35840K, 78% used [0x00000000fdd00000,0x00000000ff861150,0x0000000100000000)
  to   space 37888K, 0% used [0x00000000fb600000,0x00000000fb600000,0x00000000fdb00000)
 ParOldGen       total 524288K, used 91615K [0x00000000d0000000, 0x00000000f0000000, 0x00000000f0000000)
  object space 524288K, 17% used [0x00000000d0000000,0x00000000d5977d48,0x00000000f0000000)
 Metaspace       used 70025K, capacity 73788K, committed 73816K, reserved 1114112K
  class space    used 8767K, capacity 9848K, committed 9856K, reserved 1048576K
Event: 2508.428 GC heap after
Heap after GC invocations=36 (full 3):
 PSYoungGen      total 211968K, used 28091K [0x00000000f0000000, 0x0000000100000000, 0x0000000100000000)
  eden space 183808K, 0% used [0x00000000f0000000,0x00000000f0000000,0x00000000fb380000)
  from space 28160K, 99% used [0x00000000fb600000,0x00000000fd16eef0,0x00000000fd180000)
  to   space 39424K, 0% used [0x00000000fd980000,0x00000000fd980000,0x0000000100000000)
 ParOldGen       total 524288K, used 91623K [0x00000000d0000000, 0x00000000f0000000, 0x00000000f0000000)
  object space 524288K, 17% used [0x00000000d0000000,0x00000000d5979d48,0x00000000f0000000)
 Metaspace       used 70025K, capacity 73788K, committed 73816K, reserved 1114112K
  class space    used 8767K, capacity 9848K, committed 9856K, reserved 1048576K
}
Event: 2517.287 GC heap before
{Heap before GC invocations=37 (full 3):
 PSYoungGen      total 211968K, used 211899K [0x00000000f0000000, 0x0000000100000000, 0x0000000100000000)
  eden space 183808K, 100% used [0x00000000f0000000,0x00000000fb380000,0x00000000fb380000)
  from space 28160K, 99% used [0x00000000fb600000,0x00000000fd16eef0,0x00000000fd180000)
  to   space 39424K, 0% used [0x00000000fd980000,0x00000000fd980000,0x0000000100000000)
 ParOldGen       total 524288K, used 91623K [0x00000000d0000000, 0x00000000f0000000, 0x00000000f0000000)
  object space 524288K, 17% used [0x00000000d0000000,0x00000000d5979d48,0x00000000f0000000)
 Metaspace       used 71116K, capacity 74930K, committed 75224K, reserved 1114112K
  class space    used 8818K, capacity 9899K, committed 9984K, reserved 1048576K
Event: 2517.317 GC heap after
Heap after GC invocations=37 (full 3):
 PSYoungGen      total 213504K, used 38800K [0x00000000f0000000, 0x0000000100000000, 0x0000000100000000)
  eden space 174080K, 0% used [0x00000000f0000000,0x00000000f0000000,0x00000000faa00000)
  from space 39424K, 98% used [0x00000000fd980000,0x00000000fff643b0,0x0000000100000000)
  to   space 44032K, 0% used [0x00000000faa00000,0x00000000faa00000,0x00000000fd500000)
 ParOldGen       total 524288K, used 91631K [0x00000000d0000000, 0x00000000f0000000, 0x00000000f0000000)
  object space 524288K, 17% used [0x00000000d0000000,0x00000000d597bd48,0x00000000f0000000)
 Metaspace       used 71116K, capacity 74930K, committed 75224K, reserved 1114112K
  class space    used 8818K, capacity 9899K, committed 9984K, reserved 1048576K
}
Event: 2556.074 GC heap before
{Heap before GC invocations=38 (full 3):
 PSYoungGen      total 213504K, used 212880K [0x00000000f0000000, 0x0000000100000000, 0x0000000100000000)
  eden space 174080K, 100% used [0x00000000f0000000,0x00000000faa00000,0x00000000faa00000)
  from space 39424K, 98% used [0x00000000fd980000,0x00000000fff643b0,0x0000000100000000)
  to   space 44032K, 0% used [0x00000000faa00000,0x00000000faa00000,0x00000000fd500000)
 ParOldGen       total 524288K, used 91631K [0x00000000d0000000, 0x00000000f0000000, 0x00000000f0000000)
  object space 524288K, 17% used [0x00000000d0000000,0x00000000d597bd48,0x00000000f0000000)
 Metaspace       used 77222K, capacity 81310K, committed 81496K, reserved 1120256K
  class space    used 9181K, capacity 10293K, committed 10368K, reserved 1048576K
Event: 2556.118 GC heap after
Heap after GC invocations=38 (full 3):
 PSYoungGen      total 216064K, used 44004K [0x00000000f0000000, 0x0000000100000000, 0x0000000100000000)
  eden space 172032K, 0% used [0x00000000f0000000,0x00000000f0000000,0x00000000fa800000)
  from space 44032K, 99% used [0x00000000faa00000,0x00000000fd4f9148,0x00000000fd500000)
  to   space 44032K, 0% used [0x00000000fd500000,0x00000000fd500000,0x0000000100000000)
 ParOldGen       total 524288K, used 100169K [0x00000000d0000000, 0x00000000f0000000, 0x00000000f0000000)
  object space 524288K, 19% used [0x00000000d0000000,0x00000000d61d2648,0x00000000f0000000)
 Metaspace       used 77222K, capacity 81310K, committed 81496K, reserved 1120256K
  class space    used 9181K, capacity 10293K, committed 10368K, reserved 1048576K
}

