# JRE version: OpenJDK Runtime Environment (8.0_151-b12) (build 1.8.0_151-8u151-b12-0ubuntu0.16.04.2-b12)
# Java VM: OpenJDK 64-Bit Server VM (25.151-b12 mixed mode linux-amd64 compressed oops)
Heap:
 PSYoungGen      total 222720K, used 108399K [0x00000000f0000000, 0x0000000100000000, 0x0000000100000000)
  eden space 187392K, 42% used [0x00000000f0000000,0x00000000f4d43338,0x00000000fb700000)
  from space 35328K, 82% used [0x00000000fdd80000,0x00000000ffa18c48,0x0000000100000000)
  to   space 37376K, 0% used [0x00000000fb700000,0x00000000fb700000,0x00000000fdb80000)
 ParOldGen       total 524288K, used 92113K [0x00000000d0000000, 0x00000000f0000000, 0x00000000f0000000)
  object space 524288K, 17% used [0x00000000d0000000,0x00000000d59f45c0,0x00000000f0000000)
 Metaspace       used 69217K, capacity 72656K, committed 72792K, reserved 1112064K
  class space    used 8608K, capacity 9481K, committed 9600K, reserved 1048576K
GC Heap History (10 events):
Event: 17.002 GC heap before
{Heap before GC invocations=29 (full 3):
 PSYoungGen      total 221184K, used 195136K [0x00000000f0000000, 0x0000000100000000, 0x0000000100000000)
  eden space 181248K, 100% used [0x00000000f0000000,0x00000000fb100000,0x00000000fb100000)
  from space 39936K, 34% used [0x00000000fb100000,0x00000000fbe90158,0x00000000fd800000)
  to   space 38400K, 0% used [0x00000000fda80000,0x00000000fda80000,0x0000000100000000)
 ParOldGen       total 524288K, used 92073K [0x00000000d0000000, 0x00000000f0000000, 0x00000000f0000000)
  object space 524288K, 17% used [0x00000000d0000000,0x00000000d59ea5c0,0x00000000f0000000)
 Metaspace       used 65177K, capacity 66908K, committed 67032K, reserved 1107968K
  class space    used 7960K, capacity 8402K, committed 8448K, reserved 1048576K
Event: 17.019 GC heap after
Heap after GC invocations=29 (full 3):
 PSYoungGen      total 225792K, used 16323K [0x00000000f0000000, 0x0000000100000000, 0x0000000100000000)
  eden space 187392K, 0% used [0x00000000f0000000,0x00000000f0000000,0x00000000fb700000)
  from space 38400K, 42% used [0x00000000fda80000,0x00000000fea70fb8,0x0000000100000000)
  to   space 36352K, 0% used [0x00000000fb700000,0x00000000fb700000,0x00000000fda80000)
 ParOldGen       total 524288K, used 92081K [0x00000000d0000000, 0x00000000f0000000, 0x00000000f0000000)
  object space 524288K, 17% used [0x00000000d0000000,0x00000000d59ec5c0,0x00000000f0000000)
 Metaspace       used 65177K, capacity 66908K, committed 67032K, reserved 1107968K
  class space    used 7960K, capacity 8402K, committed 8448K, reserved 1048576K
}
Event: 37.391 GC heap before
{Heap before GC invocations=30 (full 3):
 PSYoungGen      total 225792K, used 203715K [0x00000000f0000000, 0x0000000100000000, 0x0000000100000000)
  eden space 187392K, 100% used [0x00000000f0000000,0x00000000fb700000,0x00000000fb700000)
  from space 38400K, 42% used [0x00000000fda80000,0x00000000fea70fb8,0x0000000100000000)
  to   space 36352K, 0% used [0x00000000fb700000,0x00000000fb700000,0x00000000fda80000)
 ParOldGen       total 524288K, used 92081K [0x00000000d0000000, 0x00000000f0000000, 0x00000000f0000000)
  object space 524288K, 17% used [0x00000000d0000000,0x00000000d59ec5c0,0x00000000f0000000)
 Metaspace       used 66076K, capacity 68124K, committed 68440K, reserved 1110016K
  class space    used 8131K, capacity 8763K, committed 8832K, reserved 1048576K
Event: 37.407 GC heap after
Heap after GC invocations=30 (full 3):
 PSYoungGen      total 223744K, used 19626K [0x00000000f0000000, 0x0000000100000000, 0x0000000100000000)
  eden space 187392K, 0% used [0x00000000f0000000,0x00000000f0000000,0x00000000fb700000)
  from space 36352K, 53% used [0x00000000fb700000,0x00000000fca2ab28,0x00000000fda80000)
  to   space 35328K, 0% used [0x00000000fdd80000,0x00000000fdd80000,0x0000000100000000)
 ParOldGen       total 524288K, used 92089K [0x00000000d0000000, 0x00000000f0000000, 0x00000000f0000000)
  object space 524288K, 17% used [0x00000000d0000000,0x00000000d59ee5c0,0x00000000f0000000)
 Metaspace       used 66076K, capacity 68124K, committed 68440K, reserved 1110016K
  class space    used 8131K, capacity 8763K, committed 8832K, reserved 1048576K
}
Event: 153.586 GC heap before
{Heap before GC invocations=31 (full 3):
 PSYoungGen      total 223744K, used 207018K [0x00000000f0000000, 0x0000000100000000, 0x0000000100000000)
  eden space 187392K, 100% used [0x00000000f0000000,0x00000000fb700000,0x00000000fb700000)
  from space 36352K, 53% used [0x00000000fb700000,0x00000000fca2ab28,0x00000000fda80000)
  to   space 35328K, 0% used [0x00000000fdd80000,0x00000000fdd80000,0x0000000100000000)
 ParOldGen       total 524288K, used 92089K [0x00000000d0000000, 0x00000000f0000000, 0x00000000f0000000)
  object space 524288K, 17% used [0x00000000d0000000,0x00000000d59ee5c0,0x00000000f0000000)
 Metaspace       used 66854K, capacity 69354K, committed 69464K, reserved 1110016K
  class space    used 8280K, capacity 9002K, committed 9088K, reserved 1048576K
Event: 153.604 GC heap after
Heap after GC invocations=31 (full 3):
 PSYoungGen      total 226816K, used 21184K [0x00000000f0000000, 0x0000000100000000, 0x0000000100000000)
  eden space 191488K, 0% used [0x00000000f0000000,0x00000000f0000000,0x00000000fbb00000)
  from space 35328K, 59% used [0x00000000fdd80000,0x00000000ff2303b0,0x0000000100000000)
  to   space 35328K, 0% used [0x00000000fbb00000,0x00000000fbb00000,0x00000000fdd80000)
 ParOldGen       total 524288K, used 92097K [0x00000000d0000000, 0x00000000f0000000, 0x00000000f0000000)
  object space 524288K, 17% used [0x00000000d0000000,0x00000000d59f05c0,0x00000000f0000000)
 Metaspace       used 66854K, capacity 69354K, committed 69464K, reserved 1110016K
  class space    used 8280K, capacity 9002K, committed 9088K, reserved 1048576K
}
Event: 213.488 GC heap before
{Heap before GC invocations=32 (full 3):
 PSYoungGen      total 226816K, used 212672K [0x00000000f0000000, 0x0000000100000000, 0x0000000100000000)
  eden space 191488K, 100% used [0x00000000f0000000,0x00000000fbb00000,0x00000000fbb00000)
  from space 35328K, 59% used [0x00000000fdd80000,0x00000000ff2303b0,0x0000000100000000)
  to   space 35328K, 0% used [0x00000000fbb00000,0x00000000fbb00000,0x00000000fdd80000)
 ParOldGen       total 524288K, used 92097K [0x00000000d0000000, 0x00000000f0000000, 0x00000000f0000000)
  object space 524288K, 17% used [0x00000000d0000000,0x00000000d59f05c0,0x00000000f0000000)
 Metaspace       used 67399K, capacity 70354K, committed 70616K, reserved 1110016K
  class space    used 8391K, capacity 9186K, committed 9216K, reserved 1048576K
Event: 213.520 GC heap after
Heap after GC invocations=32 (full 3):
 PSYoungGen      total 226816K, used 22066K [0x00000000f0000000, 0x0000000100000000, 0x0000000100000000)
  eden space 191488K, 0% used [0x00000000f0000000,0x00000000f0000000,0x00000000fbb00000)
  from space 35328K, 62% used [0x00000000fbb00000,0x00000000fd08ca38,0x00000000fdd80000)
  to   space 35328K, 0% used [0x00000000fdd80000,0x00000000fdd80000,0x0000000100000000)
 ParOldGen       total 524288K, used 92105K [0x00000000d0000000, 0x00000000f0000000, 0x00000000f0000000)
  object space 524288K, 17% used [0x00000000d0000000,0x00000000d59f25c0,0x00000000f0000000)
 Metaspace       used 67399K, capacity 70354K, committed 70616K, reserved 1110016K
  class space    used 8391K, capacity 9186K, committed 9216K, reserved 1048576K
}
Event: 439.615 GC heap before
{Heap before GC invocations=33 (full 3):
 PSYoungGen      total 226816K, used 213554K [0x00000000f0000000, 0x0000000100000000, 0x0000000100000000)
  eden space 191488K, 100% used [0x00000000f0000000,0x00000000fbb00000,0x00000000fbb00000)
  from space 35328K, 62% used [0x00000000fbb00000,0x00000000fd08ca38,0x00000000fdd80000)
  to   space 35328K, 0% used [0x00000000fdd80000,0x00000000fdd80000,0x0000000100000000)
 ParOldGen       total 524288K, used 92105K [0x00000000d0000000, 0x00000000f0000000, 0x00000000f0000000)
  object space 524288K, 17% used [0x00000000d0000000,0x00000000d59f25c0,0x00000000f0000000)
 Metaspace       used 68237K, capacity 71540K, committed 71896K, reserved 1112064K
  class space    used 8523K, capacity 9359K, committed 9472K, reserved 1048576K
Event: 439.664 GC heap after
Heap after GC invocations=33 (full 3):
 PSYoungGen      total 222720K, used 29283K [0x00000000f0000000, 0x0000000100000000, 0x0000000100000000)
  eden space 187392K, 0% used [0x00000000f0000000,0x00000000f0000000,0x00000000fb700000)
  from space 35328K, 82% used [0x00000000fdd80000,0x00000000ffa18c48,0x0000000100000000)
  to   space 37376K, 0% used [0x00000000fb700000,0x00000000fb700000,0x00000000fdb80000)
 ParOldGen       total 524288K, used 92113K [0x00000000d0000000, 0x00000000f0000000, 0x00000000f0000000)
  object space 524288K, 17% used [0x00000000d0000000,0x00000000d59f45c0,0x00000000f0000000)
 Metaspace       used 68237K, capacity 71540K, committed 71896K, reserved 1112064K
  class space    used 8523K, capacity 9359K, committed 9472K, reserved 1048576K
}

