# JRE version: OpenJDK Runtime Environment (8.0_162-b12) (build 1.8.0_162-8u162-b12-0ubuntu0.16.04.2-b12)
# Java VM: OpenJDK 64-Bit Server VM (25.162-b12 mixed mode linux-amd64 compressed oops)
Heap:
 PSYoungGen      total 210432K, used 202990K [0x00000000f0000000, 0x0000000100000000, 0x0000000100000000)
  eden space 171008K, 95% used [0x00000000f0000000,0x00000000f9fbeac8,0x00000000fa700000)
  from space 39424K, 99% used [0x00000000fd980000,0x00000000ffffce40,0x0000000100000000)
  to   space 45568K, 0% used [0x00000000fa700000,0x00000000fa700000,0x00000000fd380000)
 ParOldGen       total 524288K, used 91627K [0x00000000d0000000, 0x00000000f0000000, 0x00000000f0000000)
  object space 524288K, 17% used [0x00000000d0000000,0x00000000d597afc0,0x00000000f0000000)
 Metaspace       used 70446K, capacity 73648K, committed 73856K, reserved 1114112K
  class space    used 8635K, capacity 9572K, committed 9600K, reserved 1048576K
GC Heap History (10 events):
Event: 122.195 GC heap before
{Heap before GC invocations=29 (full 3):
 PSYoungGen      total 221696K, used 197186K [0x00000000f0000000, 0x0000000100000000, 0x0000000100000000)
  eden space 182784K, 100% used [0x00000000f0000000,0x00000000fb280000,0x00000000fb280000)
  from space 38912K, 37% used [0x00000000fb280000,0x00000000fc090810,0x00000000fd880000)
  to   space 36864K, 0% used [0x00000000fdc00000,0x00000000fdc00000,0x0000000100000000)
 ParOldGen       total 524288K, used 89949K [0x00000000d0000000, 0x00000000f0000000, 0x00000000f0000000)
  object space 524288K, 17% used [0x00000000d0000000,0x00000000d57d75c8,0x00000000f0000000)
 Metaspace       used 65085K, capacity 66576K, committed 66816K, reserved 1107968K
  class space    used 7767K, capacity 8139K, committed 8192K, reserved 1048576K
Event: 122.219 GC heap after
Heap after GC invocations=29 (full 3):
 PSYoungGen      total 225792K, used 19535K [0x00000000f0000000, 0x0000000100000000, 0x0000000100000000)
  eden space 188928K, 0% used [0x00000000f0000000,0x00000000f0000000,0x00000000fb880000)
  from space 36864K, 52% used [0x00000000fdc00000,0x00000000fef13ee8,0x0000000100000000)
  to   space 36352K, 0% used [0x00000000fb880000,0x00000000fb880000,0x00000000fdc00000)
 ParOldGen       total 524288K, used 89957K [0x00000000d0000000, 0x00000000f0000000, 0x00000000f0000000)
  object space 524288K, 17% used [0x00000000d0000000,0x00000000d57d95c8,0x00000000f0000000)
 Metaspace       used 65085K, capacity 66576K, committed 66816K, reserved 1107968K
  class space    used 7767K, capacity 8139K, committed 8192K, reserved 1048576K
}
Event: 122.748 GC heap before
{Heap before GC invocations=30 (full 3):
 PSYoungGen      total 225792K, used 208463K [0x00000000f0000000, 0x0000000100000000, 0x0000000100000000)
  eden space 188928K, 100% used [0x00000000f0000000,0x00000000fb880000,0x00000000fb880000)
  from space 36864K, 52% used [0x00000000fdc00000,0x00000000fef13ee8,0x0000000100000000)
  to   space 36352K, 0% used [0x00000000fb880000,0x00000000fb880000,0x00000000fdc00000)
 ParOldGen       total 524288K, used 89957K [0x00000000d0000000, 0x00000000f0000000, 0x00000000f0000000)
  object space 524288K, 17% used [0x00000000d0000000,0x00000000d57d95c8,0x00000000f0000000)
 Metaspace       used 66334K, capacity 67954K, committed 68096K, reserved 1110016K
  class space    used 7978K, capacity 8408K, committed 8448K, reserved 1048576K
Event: 122.768 GC heap after
Heap after GC invocations=30 (full 3):
 PSYoungGen      total 225280K, used 22356K [0x00000000f0000000, 0x0000000100000000, 0x0000000100000000)
  eden space 188928K, 0% used [0x00000000f0000000,0x00000000f0000000,0x00000000fb880000)
  from space 36352K, 61% used [0x00000000fb880000,0x00000000fce553f0,0x00000000fdc00000)
  to   space 36352K, 0% used [0x00000000fdc80000,0x00000000fdc80000,0x0000000100000000)
 ParOldGen       total 524288K, used 89965K [0x00000000d0000000, 0x00000000f0000000, 0x00000000f0000000)
  object space 524288K, 17% used [0x00000000d0000000,0x00000000d57db5c8,0x00000000f0000000)
 Metaspace       used 66334K, capacity 67954K, committed 68096K, reserved 1110016K
  class space    used 7978K, capacity 8408K, committed 8448K, reserved 1048576K
}
Event: 123.351 GC heap before
{Heap before GC invocations=31 (full 3):
 PSYoungGen      total 225280K, used 211284K [0x00000000f0000000, 0x0000000100000000, 0x0000000100000000)
  eden space 188928K, 100% used [0x00000000f0000000,0x00000000fb880000,0x00000000fb880000)
  from space 36352K, 61% used [0x00000000fb880000,0x00000000fce553f0,0x00000000fdc00000)
  to   space 36352K, 0% used [0x00000000fdc80000,0x00000000fdc80000,0x0000000100000000)
 ParOldGen       total 524288K, used 89965K [0x00000000d0000000, 0x00000000f0000000, 0x00000000f0000000)
  object space 524288K, 17% used [0x00000000d0000000,0x00000000d57db5c8,0x00000000f0000000)
 Metaspace       used 66758K, capacity 68730K, committed 68864K, reserved 1110016K
  class space    used 8061K, capacity 8656K, committed 8704K, reserved 1048576K
Event: 123.374 GC heap after
Heap after GC invocations=31 (full 3):
 PSYoungGen      total 224768K, used 23794K [0x00000000f0000000, 0x0000000100000000, 0x0000000100000000)
  eden space 188416K, 0% used [0x00000000f0000000,0x00000000f0000000,0x00000000fb800000)
  from space 36352K, 65% used [0x00000000fdc80000,0x00000000ff3bc9e8,0x0000000100000000)
  to   space 36864K, 0% used [0x00000000fb800000,0x00000000fb800000,0x00000000fdc00000)
 ParOldGen       total 524288K, used 89973K [0x00000000d0000000, 0x00000000f0000000, 0x00000000f0000000)
  object space 524288K, 17% used [0x00000000d0000000,0x00000000d57dd5c8,0x00000000f0000000)
 Metaspace       used 66758K, capacity 68730K, committed 68864K, reserved 1110016K
  class space    used 8061K, capacity 8656K, committed 8704K, reserved 1048576K
}
Event: 126.432 GC heap before
{Heap before GC invocations=32 (full 3):
 PSYoungGen      total 224768K, used 212210K [0x00000000f0000000, 0x0000000100000000, 0x0000000100000000)
  eden space 188416K, 100% used [0x00000000f0000000,0x00000000fb800000,0x00000000fb800000)
  from space 36352K, 65% used [0x00000000fdc80000,0x00000000ff3bc9e8,0x0000000100000000)
  to   space 36864K, 0% used [0x00000000fb800000,0x00000000fb800000,0x00000000fdc00000)
 ParOldGen       total 524288K, used 89973K [0x00000000d0000000, 0x00000000f0000000, 0x00000000f0000000)
  object space 524288K, 17% used [0x00000000d0000000,0x00000000d57dd5c8,0x00000000f0000000)
 Metaspace       used 68018K, capacity 70656K, committed 70912K, reserved 1112064K
  class space    used 8291K, capacity 9104K, committed 9216K, reserved 1048576K
Event: 126.456 GC heap after
Heap after GC invocations=32 (full 3):
 PSYoungGen      total 217088K, used 28328K [0x00000000f0000000, 0x0000000100000000, 0x0000000100000000)
  eden space 188416K, 0% used [0x00000000f0000000,0x00000000f0000000,0x00000000fb800000)
  from space 28672K, 98% used [0x00000000fb800000,0x00000000fd3aa318,0x00000000fd400000)
  to   space 39424K, 0% used [0x00000000fd980000,0x00000000fd980000,0x0000000100000000)
 ParOldGen       total 524288K, used 89981K [0x00000000d0000000, 0x00000000f0000000, 0x00000000f0000000)
  object space 524288K, 17% used [0x00000000d0000000,0x00000000d57df5c8,0x00000000f0000000)
 Metaspace       used 68018K, capacity 70656K, committed 70912K, reserved 1112064K
  class space    used 8291K, capacity 9104K, committed 9216K, reserved 1048576K
}
Event: 250.045 GC heap before
{Heap before GC invocations=33 (full 3):
 PSYoungGen      total 217088K, used 216744K [0x00000000f0000000, 0x0000000100000000, 0x0000000100000000)
  eden space 188416K, 100% used [0x00000000f0000000,0x00000000fb800000,0x00000000fb800000)
  from space 28672K, 98% used [0x00000000fb800000,0x00000000fd3aa318,0x00000000fd400000)
  to   space 39424K, 0% used [0x00000000fd980000,0x00000000fd980000,0x0000000100000000)
 ParOldGen       total 524288K, used 89981K [0x00000000d0000000, 0x00000000f0000000, 0x00000000f0000000)
  object space 524288K, 17% used [0x00000000d0000000,0x00000000d57df5c8,0x00000000f0000000)
 Metaspace       used 69733K, capacity 72718K, committed 72960K, reserved 1112064K
  class space    used 8552K, capacity 9447K, committed 9472K, reserved 1048576K
Event: 250.086 GC heap after
Heap after GC invocations=33 (full 3):
 PSYoungGen      total 210432K, used 39411K [0x00000000f0000000, 0x0000000100000000, 0x0000000100000000)
  eden space 171008K, 0% used [0x00000000f0000000,0x00000000f0000000,0x00000000fa700000)
  from space 39424K, 99% used [0x00000000fd980000,0x00000000ffffce40,0x0000000100000000)
  to   space 45568K, 0% used [0x00000000fa700000,0x00000000fa700000,0x00000000fd380000)
 ParOldGen       total 524288K, used 91627K [0x00000000d0000000, 0x00000000f0000000, 0x00000000f0000000)
  object space 524288K, 17% used [0x00000000d0000000,0x00000000d597afc0,0x00000000f0000000)
 Metaspace       used 69733K, capacity 72718K, committed 72960K, reserved 1112064K
  class space    used 8552K, capacity 9447K, committed 9472K, reserved 1048576K
}

