# JRE version: OpenJDK Runtime Environment (8.0_162-b12) (build 1.8.0_162-8u162-b12-0ubuntu0.16.04.2-b12)
# Java VM: OpenJDK 64-Bit Server VM (25.162-b12 mixed mode linux-amd64 compressed oops)
Heap:
 PSYoungGen      total 209920K, used 90837K [0x00000000f0000000, 0x0000000100000000, 0x0000000100000000)
  eden space 155648K, 38% used [0x00000000f0000000,0x00000000f3aaf120,0x00000000f9800000)
  from space 54272K, 56% used [0x00000000fcb00000,0x00000000fe9066c8,0x0000000100000000)
  to   space 52224K, 0% used [0x00000000f9800000,0x00000000f9800000,0x00000000fcb00000)
 ParOldGen       total 524288K, used 119666K [0x00000000d0000000, 0x00000000f0000000, 0x00000000f0000000)
  object space 524288K, 22% used [0x00000000d0000000,0x00000000d74dcab8,0x00000000f0000000)
 Metaspace       used 75098K, capacity 79776K, committed 79872K, reserved 1118208K
  class space    used 9251K, capacity 10725K, committed 10752K, reserved 1048576K
GC Heap History (10 events):
Event: 218.554 GC heap before
{Heap before GC invocations=43 (full 3):
 PSYoungGen      total 212480K, used 211820K [0x00000000f0000000, 0x0000000100000000, 0x0000000100000000)
  eden space 172544K, 99% used [0x00000000f0000000,0x00000000fa8432a8,0x00000000fa880000)
  from space 39936K, 98% used [0x00000000fa880000,0x00000000fcf17f60,0x00000000fcf80000)
  to   space 47616K, 0% used [0x00000000fd180000,0x00000000fd180000,0x0000000100000000)
 ParOldGen       total 524288K, used 103957K [0x00000000d0000000, 0x00000000f0000000, 0x00000000f0000000)
  object space 524288K, 19% used [0x00000000d0000000,0x00000000d65855d0,0x00000000f0000000)
 Metaspace       used 73748K, capacity 78186K, committed 78464K, reserved 1118208K
  class space    used 9133K, capacity 10532K, committed 10624K, reserved 1048576K
Event: 218.584 GC heap after
Heap after GC invocations=43 (full 3):
 PSYoungGen      total 209408K, used 38850K [0x00000000f0000000, 0x0000000100000000, 0x0000000100000000)
  eden space 161792K, 0% used [0x00000000f0000000,0x00000000f0000000,0x00000000f9e00000)
  from space 47616K, 81% used [0x00000000fd180000,0x00000000ff770808,0x0000000100000000)
  to   space 50176K, 0% used [0x00000000f9e00000,0x00000000f9e00000,0x00000000fcf00000)
 ParOldGen       total 524288K, used 105787K [0x00000000d0000000, 0x00000000f0000000, 0x00000000f0000000)
  object space 524288K, 20% used [0x00000000d0000000,0x00000000d674ee70,0x00000000f0000000)
 Metaspace       used 73748K, capacity 78186K, committed 78464K, reserved 1118208K
  class space    used 9133K, capacity 10532K, committed 10624K, reserved 1048576K
}
Event: 340.862 GC heap before
{Heap before GC invocations=44 (full 3):
 PSYoungGen      total 209408K, used 200642K [0x00000000f0000000, 0x0000000100000000, 0x0000000100000000)
  eden space 161792K, 100% used [0x00000000f0000000,0x00000000f9e00000,0x00000000f9e00000)
  from space 47616K, 81% used [0x00000000fd180000,0x00000000ff770808,0x0000000100000000)
  to   space 50176K, 0% used [0x00000000f9e00000,0x00000000f9e00000,0x00000000fcf00000)
 ParOldGen       total 524288K, used 105787K [0x00000000d0000000, 0x00000000f0000000, 0x00000000f0000000)
  object space 524288K, 20% used [0x00000000d0000000,0x00000000d674ee70,0x00000000f0000000)
 Metaspace       used 74064K, capacity 78516K, committed 78720K, reserved 1118208K
  class space    used 9172K, capacity 10549K, committed 10624K, reserved 1048576K
Event: 340.890 GC heap after
Heap after GC invocations=44 (full 3):
 PSYoungGen      total 201728K, used 39849K [0x00000000f0000000, 0x0000000100000000, 0x0000000100000000)
  eden space 161792K, 0% used [0x00000000f0000000,0x00000000f0000000,0x00000000f9e00000)
  from space 39936K, 99% used [0x00000000f9e00000,0x00000000fc4ea648,0x00000000fc500000)
  to   space 52736K, 0% used [0x00000000fcc80000,0x00000000fcc80000,0x0000000100000000)
 ParOldGen       total 524288K, used 109107K [0x00000000d0000000, 0x00000000f0000000, 0x00000000f0000000)
  object space 524288K, 20% used [0x00000000d0000000,0x00000000d6a8cf38,0x00000000f0000000)
 Metaspace       used 74064K, capacity 78516K, committed 78720K, reserved 1118208K
  class space    used 9172K, capacity 10549K, committed 10624K, reserved 1048576K
}
Event: 445.520 GC heap before
{Heap before GC invocations=45 (full 3):
 PSYoungGen      total 201728K, used 201641K [0x00000000f0000000, 0x0000000100000000, 0x0000000100000000)
  eden space 161792K, 100% used [0x00000000f0000000,0x00000000f9e00000,0x00000000f9e00000)
  from space 39936K, 99% used [0x00000000f9e00000,0x00000000fc4ea648,0x00000000fc500000)
  to   space 52736K, 0% used [0x00000000fcc80000,0x00000000fcc80000,0x0000000100000000)
 ParOldGen       total 524288K, used 109107K [0x00000000d0000000, 0x00000000f0000000, 0x00000000f0000000)
  object space 524288K, 20% used [0x00000000d0000000,0x00000000d6a8cf38,0x00000000f0000000)
 Metaspace       used 74585K, capacity 79082K, committed 79360K, reserved 1118208K
  class space    used 9214K, capacity 10663K, committed 10752K, reserved 1048576K
Event: 445.548 GC heap after
Heap after GC invocations=45 (full 3):
 PSYoungGen      total 208384K, used 37549K [0x00000000f0000000, 0x0000000100000000, 0x0000000100000000)
  eden space 155648K, 0% used [0x00000000f0000000,0x00000000f0000000,0x00000000f9800000)
  from space 52736K, 71% used [0x00000000fcc80000,0x00000000ff12b788,0x0000000100000000)
  to   space 53248K, 0% used [0x00000000f9800000,0x00000000f9800000,0x00000000fcc00000)
 ParOldGen       total 524288K, used 112590K [0x00000000d0000000, 0x00000000f0000000, 0x00000000f0000000)
  object space 524288K, 21% used [0x00000000d0000000,0x00000000d6df39b8,0x00000000f0000000)
 Metaspace       used 74585K, capacity 79082K, committed 79360K, reserved 1118208K
  class space    used 9214K, capacity 10663K, committed 10752K, reserved 1048576K
}
Event: 516.644 GC heap before
{Heap before GC invocations=46 (full 3):
 PSYoungGen      total 208384K, used 192727K [0x00000000f0000000, 0x0000000100000000, 0x0000000100000000)
  eden space 155648K, 99% used [0x00000000f0000000,0x00000000f978a490,0x00000000f9800000)
  from space 52736K, 71% used [0x00000000fcc80000,0x00000000ff12b788,0x0000000100000000)
  to   space 53248K, 0% used [0x00000000f9800000,0x00000000f9800000,0x00000000fcc00000)
 ParOldGen       total 524288K, used 112590K [0x00000000d0000000, 0x00000000f0000000, 0x00000000f0000000)
  object space 524288K, 21% used [0x00000000d0000000,0x00000000d6df39b8,0x00000000f0000000)
 Metaspace       used 74794K, capacity 79370K, committed 79616K, reserved 1118208K
  class space    used 9228K, capacity 10680K, committed 10752K, reserved 1048576K
Event: 516.672 GC heap after
Heap after GC invocations=46 (full 3):
 PSYoungGen      total 194560K, used 38570K [0x00000000f0000000, 0x0000000100000000, 0x0000000100000000)
  eden space 155648K, 0% used [0x00000000f0000000,0x00000000f0000000,0x00000000f9800000)
  from space 38912K, 99% used [0x00000000f9800000,0x00000000fbdaa8e0,0x00000000fbe00000)
  to   space 54272K, 0% used [0x00000000fcb00000,0x00000000fcb00000,0x0000000100000000)
 ParOldGen       total 524288K, used 115514K [0x00000000d0000000, 0x00000000f0000000, 0x00000000f0000000)
  object space 524288K, 22% used [0x00000000d0000000,0x00000000d70ce9c8,0x00000000f0000000)
 Metaspace       used 74794K, capacity 79370K, committed 79616K, reserved 1118208K
  class space    used 9228K, capacity 10680K, committed 10752K, reserved 1048576K
}
Event: 625.504 GC heap before
{Heap before GC invocations=47 (full 3):
 PSYoungGen      total 194560K, used 194218K [0x00000000f0000000, 0x0000000100000000, 0x0000000100000000)
  eden space 155648K, 100% used [0x00000000f0000000,0x00000000f9800000,0x00000000f9800000)
  from space 38912K, 99% used [0x00000000f9800000,0x00000000fbdaa8e0,0x00000000fbe00000)
  to   space 54272K, 0% used [0x00000000fcb00000,0x00000000fcb00000,0x0000000100000000)
 ParOldGen       total 524288K, used 115514K [0x00000000d0000000, 0x00000000f0000000, 0x00000000f0000000)
  object space 524288K, 22% used [0x00000000d0000000,0x00000000d70ce9c8,0x00000000f0000000)
 Metaspace       used 74860K, capacity 79578K, committed 79616K, reserved 1118208K
  class space    used 9241K, capacity 10724K, committed 10752K, reserved 1048576K
Event: 625.528 GC heap after
Heap after GC invocations=47 (full 3):
 PSYoungGen      total 209920K, used 30745K [0x00000000f0000000, 0x0000000100000000, 0x0000000100000000)
  eden space 155648K, 0% used [0x00000000f0000000,0x00000000f0000000,0x00000000f9800000)
  from space 54272K, 56% used [0x00000000fcb00000,0x00000000fe9066c8,0x0000000100000000)
  to   space 52224K, 0% used [0x00000000f9800000,0x00000000f9800000,0x00000000fcb00000)
 ParOldGen       total 524288K, used 119666K [0x00000000d0000000, 0x00000000f0000000, 0x00000000f0000000)
  object space 524288K, 22% used [0x00000000d0000000,0x00000000d74dcab8,0x00000000f0000000)
 Metaspace       used 74860K, capacity 79578K, committed 79616K, reserved 1118208K
  class space    used 9241K, capacity 10724K, committed 10752K, reserved 1048576K
}

