# JRE version: OpenJDK Runtime Environment (8.0_151-b12) (build 1.8.0_151-8u151-b12-0ubuntu0.16.04.2-b12)
# Java VM: OpenJDK 64-Bit Server VM (25.151-b12 mixed mode linux-amd64 compressed oops)
Heap:
 PSYoungGen      total 231424K, used 42214K [0x00000000f0000000, 0x0000000100000000, 0x0000000100000000)
  eden space 201216K, 10% used [0x00000000f0000000,0x00000000f150a688,0x00000000fc480000)
  from space 30208K, 68% used [0x00000000fc480000,0x00000000fd8af4b8,0x00000000fe200000)
  to   space 29696K, 0% used [0x00000000fe300000,0x00000000fe300000,0x0000000100000000)
 ParOldGen       total 524288K, used 108652K [0x00000000d0000000, 0x00000000f0000000, 0x00000000f0000000)
  object space 524288K, 20% used [0x00000000d0000000,0x00000000d6a1b1a0,0x00000000f0000000)
 Metaspace       used 71939K, capacity 76272K, committed 76416K, reserved 1116160K
  class space    used 8880K, capacity 10006K, committed 10112K, reserved 1048576K
GC Heap History (10 events):
Event: 558.208 GC heap before
{Heap before GC invocations=42 (full 3):
 PSYoungGen      total 230400K, used 219729K [0x00000000f0000000, 0x0000000100000000, 0x0000000100000000)
  eden space 198144K, 100% used [0x00000000f0000000,0x00000000fc180000,0x00000000fc180000)
  from space 32256K, 66% used [0x00000000fe080000,0x00000000ff5944c0,0x0000000100000000)
  to   space 31744K, 0% used [0x00000000fc180000,0x00000000fc180000,0x00000000fe080000)
 ParOldGen       total 524288K, used 96144K [0x00000000d0000000, 0x00000000f0000000, 0x00000000f0000000)
  object space 524288K, 18% used [0x00000000d0000000,0x00000000d5de43c8,0x00000000f0000000)
 Metaspace       used 68010K, capacity 71696K, committed 71936K, reserved 1112064K
  class space    used 8442K, capacity 9359K, committed 9472K, reserved 1048576K
Event: 558.224 GC heap after
Heap after GC invocations=42 (full 3):
 PSYoungGen      total 229888K, used 21729K [0x00000000f0000000, 0x0000000100000000, 0x0000000100000000)
  eden space 198144K, 0% used [0x00000000f0000000,0x00000000f0000000,0x00000000fc180000)
  from space 31744K, 68% used [0x00000000fc180000,0x00000000fd6b84b0,0x00000000fe080000)
  to   space 31232K, 0% used [0x00000000fe180000,0x00000000fe180000,0x0000000100000000)
 ParOldGen       total 524288K, used 96152K [0x00000000d0000000, 0x00000000f0000000, 0x00000000f0000000)
  object space 524288K, 18% used [0x00000000d0000000,0x00000000d5de63c8,0x00000000f0000000)
 Metaspace       used 68010K, capacity 71696K, committed 71936K, reserved 1112064K
  class space    used 8442K, capacity 9359K, committed 9472K, reserved 1048576K
}
Event: 1358.169 GC heap before
{Heap before GC invocations=43 (full 3):
 PSYoungGen      total 229888K, used 219873K [0x00000000f0000000, 0x0000000100000000, 0x0000000100000000)
  eden space 198144K, 100% used [0x00000000f0000000,0x00000000fc180000,0x00000000fc180000)
  from space 31744K, 68% used [0x00000000fc180000,0x00000000fd6b84b0,0x00000000fe080000)
  to   space 31232K, 0% used [0x00000000fe180000,0x00000000fe180000,0x0000000100000000)
 ParOldGen       total 524288K, used 96152K [0x00000000d0000000, 0x00000000f0000000, 0x00000000f0000000)
  object space 524288K, 18% used [0x00000000d0000000,0x00000000d5de63c8,0x00000000f0000000)
 Metaspace       used 68655K, capacity 72828K, committed 72960K, reserved 1112064K
  class space    used 8568K, capacity 9613K, committed 9728K, reserved 1048576K
Event: 1358.203 GC heap after
Heap after GC invocations=43 (full 3):
 PSYoungGen      total 231424K, used 21424K [0x00000000f0000000, 0x0000000100000000, 0x0000000100000000)
  eden space 200192K, 0% used [0x00000000f0000000,0x00000000f0000000,0x00000000fc380000)
  from space 31232K, 68% used [0x00000000fe180000,0x00000000ff66c0a0,0x0000000100000000)
  to   space 30720K, 0% used [0x00000000fc380000,0x00000000fc380000,0x00000000fe180000)
 ParOldGen       total 524288K, used 98865K [0x00000000d0000000, 0x00000000f0000000, 0x00000000f0000000)
  object space 524288K, 18% used [0x00000000d0000000,0x00000000d608c430,0x00000000f0000000)
 Metaspace       used 68655K, capacity 72828K, committed 72960K, reserved 1112064K
  class space    used 8568K, capacity 9613K, committed 9728K, reserved 1048576K
}
Event: 1429.186 GC heap before
{Heap before GC invocations=44 (full 3):
 PSYoungGen      total 231424K, used 221616K [0x00000000f0000000, 0x0000000100000000, 0x0000000100000000)
  eden space 200192K, 100% used [0x00000000f0000000,0x00000000fc380000,0x00000000fc380000)
  from space 31232K, 68% used [0x00000000fe180000,0x00000000ff66c0a0,0x0000000100000000)
  to   space 30720K, 0% used [0x00000000fc380000,0x00000000fc380000,0x00000000fe180000)
 ParOldGen       total 524288K, used 98865K [0x00000000d0000000, 0x00000000f0000000, 0x00000000f0000000)
  object space 524288K, 18% used [0x00000000d0000000,0x00000000d608c430,0x00000000f0000000)
 Metaspace       used 70690K, capacity 75006K, committed 75136K, reserved 1114112K
  class space    used 8758K, capacity 9846K, committed 9856K, reserved 1048576K
Event: 1429.208 GC heap after
Heap after GC invocations=44 (full 3):
 PSYoungGen      total 230912K, used 24091K [0x00000000f0000000, 0x0000000100000000, 0x0000000100000000)
  eden space 200192K, 0% used [0x00000000f0000000,0x00000000f0000000,0x00000000fc380000)
  from space 30720K, 78% used [0x00000000fc380000,0x00000000fdb06e08,0x00000000fe180000)
  to   space 30720K, 0% used [0x00000000fe200000,0x00000000fe200000,0x0000000100000000)
 ParOldGen       total 524288K, used 103889K [0x00000000d0000000, 0x00000000f0000000, 0x00000000f0000000)
  object space 524288K, 19% used [0x00000000d0000000,0x00000000d65746d8,0x00000000f0000000)
 Metaspace       used 70690K, capacity 75006K, committed 75136K, reserved 1114112K
  class space    used 8758K, capacity 9846K, committed 9856K, reserved 1048576K
}
Event: 2859.769 GC heap before
{Heap before GC invocations=45 (full 3):
 PSYoungGen      total 230912K, used 224283K [0x00000000f0000000, 0x0000000100000000, 0x0000000100000000)
  eden space 200192K, 100% used [0x00000000f0000000,0x00000000fc380000,0x00000000fc380000)
  from space 30720K, 78% used [0x00000000fc380000,0x00000000fdb06e08,0x00000000fe180000)
  to   space 30720K, 0% used [0x00000000fe200000,0x00000000fe200000,0x0000000100000000)
 ParOldGen       total 524288K, used 103889K [0x00000000d0000000, 0x00000000f0000000, 0x00000000f0000000)
  object space 524288K, 19% used [0x00000000d0000000,0x00000000d65746d8,0x00000000f0000000)
 Metaspace       used 71720K, capacity 75996K, committed 76288K, reserved 1116160K
  class space    used 8827K, capacity 9915K, committed 9984K, reserved 1048576K
Event: 2859.789 GC heap after
Heap after GC invocations=45 (full 3):
 PSYoungGen      total 231936K, used 21981K [0x00000000f0000000, 0x0000000100000000, 0x0000000100000000)
  eden space 201216K, 0% used [0x00000000f0000000,0x00000000f0000000,0x00000000fc480000)
  from space 30720K, 71% used [0x00000000fe200000,0x00000000ff7774b8,0x0000000100000000)
  to   space 30208K, 0% used [0x00000000fc480000,0x00000000fc480000,0x00000000fe200000)
 ParOldGen       total 524288K, used 105975K [0x00000000d0000000, 0x00000000f0000000, 0x00000000f0000000)
  object space 524288K, 20% used [0x00000000d0000000,0x00000000d677dd18,0x00000000f0000000)
 Metaspace       used 71720K, capacity 75996K, committed 76288K, reserved 1116160K
  class space    used 8827K, capacity 9915K, committed 9984K, reserved 1048576K
}
Event: 5426.567 GC heap before
{Heap before GC invocations=46 (full 3):
 PSYoungGen      total 231936K, used 223197K [0x00000000f0000000, 0x0000000100000000, 0x0000000100000000)
  eden space 201216K, 100% used [0x00000000f0000000,0x00000000fc480000,0x00000000fc480000)
  from space 30720K, 71% used [0x00000000fe200000,0x00000000ff7774b8,0x0000000100000000)
  to   space 30208K, 0% used [0x00000000fc480000,0x00000000fc480000,0x00000000fe200000)
 ParOldGen       total 524288K, used 105975K [0x00000000d0000000, 0x00000000f0000000, 0x00000000f0000000)
  object space 524288K, 20% used [0x00000000d0000000,0x00000000d677dd18,0x00000000f0000000)
 Metaspace       used 71838K, capacity 76174K, committed 76288K, reserved 1116160K
  class space    used 8855K, capacity 9972K, committed 9984K, reserved 1048576K
Event: 5426.585 GC heap after
Heap after GC invocations=46 (full 3):
 PSYoungGen      total 231424K, used 20669K [0x00000000f0000000, 0x0000000100000000, 0x0000000100000000)
  eden space 201216K, 0% used [0x00000000f0000000,0x00000000f0000000,0x00000000fc480000)
  from space 30208K, 68% used [0x00000000fc480000,0x00000000fd8af4b8,0x00000000fe200000)
  to   space 29696K, 0% used [0x00000000fe300000,0x00000000fe300000,0x0000000100000000)
 ParOldGen       total 524288K, used 108652K [0x00000000d0000000, 0x00000000f0000000, 0x00000000f0000000)
  object space 524288K, 20% used [0x00000000d0000000,0x00000000d6a1b1a0,0x00000000f0000000)
 Metaspace       used 71838K, capacity 76174K, committed 76288K, reserved 1116160K
  class space    used 8855K, capacity 9972K, committed 9984K, reserved 1048576K
}

