# JRE version: OpenJDK Runtime Environment (8.0_151-b12) (build 1.8.0_151-8u151-b12-0ubuntu0.16.04.2-b12)
# Java VM: OpenJDK 64-Bit Server VM (25.151-b12 mixed mode linux-amd64 compressed oops)
Heap:
 PSYoungGen      total 215040K, used 68113K [0x00000000f0000000, 0x0000000100000000, 0x0000000100000000)
  eden space 179200K, 18% used [0x00000000f0000000,0x00000000f1f85e88,0x00000000faf00000)
  from space 35840K, 99% used [0x00000000fdd00000,0x00000000ffffe8c0,0x0000000100000000)
  to   space 41472K, 0% used [0x00000000faf00000,0x00000000faf00000,0x00000000fd780000)
 ParOldGen       total 524288K, used 95075K [0x00000000d0000000, 0x00000000f0000000, 0x00000000f0000000)
  object space 524288K, 18% used [0x00000000d0000000,0x00000000d5cd8fd8,0x00000000f0000000)
 Metaspace       used 69733K, capacity 73054K, committed 73304K, reserved 1114112K
  class space    used 8604K, capacity 9482K, committed 9600K, reserved 1048576K
GC Heap History (10 events):
Event: 15.830 GC heap before
{Heap before GC invocations=29 (full 3):
 PSYoungGen      total 225792K, used 205934K [0x00000000f0000000, 0x0000000100000000, 0x0000000100000000)
  eden space 190464K, 100% used [0x00000000f0000000,0x00000000fba00000,0x00000000fba00000)
  from space 35328K, 43% used [0x00000000fba00000,0x00000000fc91bb28,0x00000000fdc80000)
  to   space 33280K, 0% used [0x00000000fdf80000,0x00000000fdf80000,0x0000000100000000)
 ParOldGen       total 524288K, used 92549K [0x00000000d0000000, 0x00000000f0000000, 0x00000000f0000000)
  object space 524288K, 17% used [0x00000000d0000000,0x00000000d5a61778,0x00000000f0000000)
 Metaspace       used 65626K, capacity 67296K, committed 67416K, reserved 1107968K
  class space    used 7988K, capacity 8467K, committed 8576K, reserved 1048576K
Event: 15.855 GC heap after
Heap after GC invocations=29 (full 3):
 PSYoungGen      total 229888K, used 17744K [0x00000000f0000000, 0x0000000100000000, 0x0000000100000000)
  eden space 196608K, 0% used [0x00000000f0000000,0x00000000f0000000,0x00000000fc000000)
  from space 33280K, 53% used [0x00000000fdf80000,0x00000000ff0d42c0,0x0000000100000000)
  to   space 32256K, 0% used [0x00000000fc000000,0x00000000fc000000,0x00000000fdf80000)
 ParOldGen       total 524288K, used 92557K [0x00000000d0000000, 0x00000000f0000000, 0x00000000f0000000)
  object space 524288K, 17% used [0x00000000d0000000,0x00000000d5a63778,0x00000000f0000000)
 Metaspace       used 65626K, capacity 67296K, committed 67416K, reserved 1107968K
  class space    used 7988K, capacity 8467K, committed 8576K, reserved 1048576K
}
Event: 19.077 GC heap before
{Heap before GC invocations=30 (full 3):
 PSYoungGen      total 229888K, used 214352K [0x00000000f0000000, 0x0000000100000000, 0x0000000100000000)
  eden space 196608K, 100% used [0x00000000f0000000,0x00000000fc000000,0x00000000fc000000)
  from space 33280K, 53% used [0x00000000fdf80000,0x00000000ff0d42c0,0x0000000100000000)
  to   space 32256K, 0% used [0x00000000fc000000,0x00000000fc000000,0x00000000fdf80000)
 ParOldGen       total 524288K, used 92557K [0x00000000d0000000, 0x00000000f0000000, 0x00000000f0000000)
  object space 524288K, 17% used [0x00000000d0000000,0x00000000d5a63778,0x00000000f0000000)
 Metaspace       used 66672K, capacity 68970K, committed 69080K, reserved 1110016K
  class space    used 8181K, capacity 8871K, committed 8960K, reserved 1048576K
Event: 19.095 GC heap after
Heap after GC invocations=30 (full 3):
 PSYoungGen      total 228864K, used 21209K [0x00000000f0000000, 0x0000000100000000, 0x0000000100000000)
  eden space 196608K, 0% used [0x00000000f0000000,0x00000000f0000000,0x00000000fc000000)
  from space 32256K, 65% used [0x00000000fc000000,0x00000000fd4b64f0,0x00000000fdf80000)
  to   space 32768K, 0% used [0x00000000fe000000,0x00000000fe000000,0x0000000100000000)
 ParOldGen       total 524288K, used 92565K [0x00000000d0000000, 0x00000000f0000000, 0x00000000f0000000)
  object space 524288K, 17% used [0x00000000d0000000,0x00000000d5a65778,0x00000000f0000000)
 Metaspace       used 66672K, capacity 68970K, committed 69080K, reserved 1110016K
  class space    used 8181K, capacity 8871K, committed 8960K, reserved 1048576K
}
Event: 19.663 GC heap before
{Heap before GC invocations=31 (full 3):
 PSYoungGen      total 228864K, used 217817K [0x00000000f0000000, 0x0000000100000000, 0x0000000100000000)
  eden space 196608K, 100% used [0x00000000f0000000,0x00000000fc000000,0x00000000fc000000)
  from space 32256K, 65% used [0x00000000fc000000,0x00000000fd4b64f0,0x00000000fdf80000)
  to   space 32768K, 0% used [0x00000000fe000000,0x00000000fe000000,0x0000000100000000)
 ParOldGen       total 524288K, used 92565K [0x00000000d0000000, 0x00000000f0000000, 0x00000000f0000000)
  object space 524288K, 17% used [0x00000000d0000000,0x00000000d5a65778,0x00000000f0000000)
 Metaspace       used 67056K, capacity 69694K, committed 69976K, reserved 1110016K
  class space    used 8264K, capacity 9016K, committed 9088K, reserved 1048576K
Event: 19.688 GC heap after
Heap after GC invocations=31 (full 3):
 PSYoungGen      total 227328K, used 23426K [0x00000000f0000000, 0x0000000100000000, 0x0000000100000000)
  eden space 194560K, 0% used [0x00000000f0000000,0x00000000f0000000,0x00000000fbe00000)
  from space 32768K, 71% used [0x00000000fe000000,0x00000000ff6e0af8,0x0000000100000000)
  to   space 33792K, 0% used [0x00000000fbe00000,0x00000000fbe00000,0x00000000fdf00000)
 ParOldGen       total 524288K, used 92573K [0x00000000d0000000, 0x00000000f0000000, 0x00000000f0000000)
  object space 524288K, 17% used [0x00000000d0000000,0x00000000d5a67778,0x00000000f0000000)
 Metaspace       used 67056K, capacity 69694K, committed 69976K, reserved 1110016K
  class space    used 8264K, capacity 9016K, committed 9088K, reserved 1048576K
}
Event: 183.359 GC heap before
{Heap before GC invocations=32 (full 3):
 PSYoungGen      total 227328K, used 217986K [0x00000000f0000000, 0x0000000100000000, 0x0000000100000000)
  eden space 194560K, 100% used [0x00000000f0000000,0x00000000fbe00000,0x00000000fbe00000)
  from space 32768K, 71% used [0x00000000fe000000,0x00000000ff6e0af8,0x0000000100000000)
  to   space 33792K, 0% used [0x00000000fbe00000,0x00000000fbe00000,0x00000000fdf00000)
 ParOldGen       total 524288K, used 92573K [0x00000000d0000000, 0x00000000f0000000, 0x00000000f0000000)
  object space 524288K, 17% used [0x00000000d0000000,0x00000000d5a67778,0x00000000f0000000)
 Metaspace       used 68321K, capacity 71388K, committed 71512K, reserved 1112064K
  class space    used 8465K, capacity 9283K, committed 9344K, reserved 1048576K
Event: 183.382 GC heap after
Heap after GC invocations=32 (full 3):
 PSYoungGen      total 222208K, used 27475K [0x00000000f0000000, 0x0000000100000000, 0x0000000100000000)
  eden space 194560K, 0% used [0x00000000f0000000,0x00000000f0000000,0x00000000fbe00000)
  from space 27648K, 99% used [0x00000000fbe00000,0x00000000fd8d4e28,0x00000000fd900000)
  to   space 35840K, 0% used [0x00000000fdd00000,0x00000000fdd00000,0x0000000100000000)
 ParOldGen       total 524288K, used 92581K [0x00000000d0000000, 0x00000000f0000000, 0x00000000f0000000)
  object space 524288K, 17% used [0x00000000d0000000,0x00000000d5a69778,0x00000000f0000000)
 Metaspace       used 68321K, capacity 71388K, committed 71512K, reserved 1112064K
  class space    used 8465K, capacity 9283K, committed 9344K, reserved 1048576K
}
Event: 204.759 GC heap before
{Heap before GC invocations=33 (full 3):
 PSYoungGen      total 222208K, used 222035K [0x00000000f0000000, 0x0000000100000000, 0x0000000100000000)
  eden space 194560K, 100% used [0x00000000f0000000,0x00000000fbe00000,0x00000000fbe00000)
  from space 27648K, 99% used [0x00000000fbe00000,0x00000000fd8d4e28,0x00000000fd900000)
  to   space 35840K, 0% used [0x00000000fdd00000,0x00000000fdd00000,0x0000000100000000)
 ParOldGen       total 524288K, used 92581K [0x00000000d0000000, 0x00000000f0000000, 0x00000000f0000000)
  object space 524288K, 17% used [0x00000000d0000000,0x00000000d5a69778,0x00000000f0000000)
 Metaspace       used 69450K, capacity 72756K, committed 73048K, reserved 1112064K
  class space    used 8589K, capacity 9473K, committed 9600K, reserved 1048576K
Event: 204.787 GC heap after
Heap after GC invocations=33 (full 3):
 PSYoungGen      total 215040K, used 35834K [0x00000000f0000000, 0x0000000100000000, 0x0000000100000000)
  eden space 179200K, 0% used [0x00000000f0000000,0x00000000f0000000,0x00000000faf00000)
  from space 35840K, 99% used [0x00000000fdd00000,0x00000000ffffe8c0,0x0000000100000000)
  to   space 41472K, 0% used [0x00000000faf00000,0x00000000faf00000,0x00000000fd780000)
 ParOldGen       total 524288K, used 95075K [0x00000000d0000000, 0x00000000f0000000, 0x00000000f0000000)
  object space 524288K, 18% used [0x00000000d0000000,0x00000000d5cd8fd8,0x00000000f0000000)
 Metaspace       used 69450K, capacity 72756K, committed 73048K, reserved 1112064K
  class space    used 8589K, capacity 9473K, committed 9600K, reserved 1048576K
}

